00:00:12.675676 VirtualBox VM 7.0.6_Debian r155176 linux.amd64 (Jan 25 2023 11:43:51) release log
00:00:12.675678 Log opened 2023-02-02T08:09:48.863233000Z
00:00:12.675679 Build Type: release
00:00:12.675682 OS Product: Linux
00:00:12.675683 OS Release: 5.10.0-21-amd64
00:00:12.675684 OS Version: #1 SMP Debian 5.10.162-1 (2023-01-21)
00:00:12.675706 DMI Product Name: All Series
00:00:12.675713 DMI Product Version: System Version
00:00:12.675722 Firmware type: BIOS
00:00:12.675757 Host RAM: 14937MB (14.5GB) total, 8019MB (7.8GB) available
00:00:12.675760 Executable: /usr/lib/virtualbox/VirtualBoxVM
00:00:12.675760 Process ID: 53990
00:00:12.675761 Package type: LINUX_64BITS_GENERIC (OSE)
00:00:12.688492 Installed Extension Packs:
00:00:12.688514   VNC (Version: 7.0.6 r155176; VRDE Module: VBoxVNC; Crypto Module: )
00:00:12.688519   Oracle VM VirtualBox Extension Pack (Version: 7.0.6 r155176; VRDE Module: VBoxVRDP; Crypto Module: VBoxPuelCrypto)
00:00:12.689472 Console: Machine state changed to 'Starting'
00:00:12.689698 Qt version: 5.15.2
00:00:12.689711 X11 Window Manager code: 3
00:00:12.699367 SUP: seg #0: R   0x00000000 LB 0x00061000
00:00:12.699388 SUP: seg #1: R X 0x00061000 LB 0x001a1000
00:00:12.699391 SUP: seg #2: R   0x00202000 LB 0x00070000
00:00:12.699393 SUP: seg #3: RW  0x00272000 LB 0x0002eaf0
00:00:12.701741 SUP: Loaded VMMR0.r0 (/usr/lib/virtualbox/VMMR0.r0) at 0xXXXXXXXXXXXXXXXX - ModuleInit at XXXXXXXXXXXXXXXX and ModuleTerm at XXXXXXXXXXXXXXXX
00:00:12.701763 SUP: VMMR0EntryEx located at XXXXXXXXXXXXXXXX and VMMR0EntryFast at XXXXXXXXXXXXXXXX
00:00:12.709214 X Server details: vendor: The X.Org Foundation, release: 12011000, protocol version: 11.0, display string: :0
00:00:12.709236 Using XKB for keycode to scan code conversion
00:00:12.712092 Guest OS type: 'Debian_64'
00:00:12.718485 fHMForced=true - No raw-mode support in this build!
00:00:12.777409 File system of '/mnt/1tb/vm/tcp/vm2/tcp-vm2/tcp-vm2.vdi' is ext4
00:00:12.803411 Audio: Detected default audio driver type is 'PulseAudio'
00:00:12.830014 Shared Clipboard: Service loaded
00:00:12.830031 Shared Clipboard: Mode: Off
00:00:12.830082 Shared Clipboard: Service running in normal mode
00:00:12.831096 Drag and drop service loaded
00:00:12.831124 Drag and drop mode: Off
00:00:12.836326 ************************* CFGM dump *************************
00:00:12.836332 [/] (level 0)
00:00:12.836344   CpuExecutionCap   <integer> = 0x0000000000000064 (100)
00:00:12.836349   EnablePAE         <integer> = 0x0000000000000001 (1)
00:00:12.836350   HMEnabled         <integer> = 0x0000000000000001 (1)
00:00:12.836351   MemBalloonSize    <integer> = 0x0000000000000000 (0, 0 B)
00:00:12.836352   Name              <string>  = "tcp-vm2" (cb=8)
00:00:12.836353   NumCPUs           <integer> = 0x0000000000000001 (1)
00:00:12.836354   PageFusionAllowed <integer> = 0x0000000000000000 (0)
00:00:12.836355   RamHoleSize       <integer> = 0x0000000020000000 (536 870 912, 512.0 MiB)
00:00:12.836356   RamSize           <integer> = 0x0000000100000000 (4 294 967 296, 4.0 GiB)
00:00:12.836358   TimerMillies      <integer> = 0x000000000000000a (10)
00:00:12.836359   UUID              <bytes>   = "2b 79 53 99 ca c9 0b 4a b8 04 e2 74 98 64 43 44" (cb=16)
00:00:12.836362 
00:00:12.836365 [/CPUM/] (level 1)
00:00:12.836366   Enable64bit        <integer> = 0x0000000000000001 (1)
00:00:12.836367   GuestCpuName       <string>  = "host" (cb=5)
00:00:12.836367   NestedHWVirt       <integer> = 0x0000000000000000 (0)
00:00:12.836368   PortableCpuIdLevel <integer> = 0x0000000000000000 (0)
00:00:12.836369   SpecCtrl           <integer> = 0x0000000000000000 (0)
00:00:12.836369 
00:00:12.836370 [/CPUM/IsaExts/] (level 2)
00:00:12.836371 
00:00:12.836374 [/DBGC/] (level 1)
00:00:12.836375   GlobalInitScript <string>  = "/home/sae/.config/VirtualBox/dbgc-init" (cb=39)
00:00:12.836375   HistoryFile      <string>  = "/home/sae/.config/VirtualBox/dbgc-history" (cb=42)
00:00:12.836376   LocalInitScript  <string>  = "/mnt/1tb/vm/tcp/vm2/tcp-vm2/dbgc-init" (cb=38)
00:00:12.836377 
00:00:12.836377 [/DBGF/] (level 1)
00:00:12.836378   Path <string>  = "/mnt/1tb/vm/tcp/vm2/tcp-vm2/debug/;/mnt/1tb/vm/tcp/vm2/tcp-vm2/;cache*/mnt/1tb/vm/tcp/vm2/tcp-vm2/dbgcache/;/home/sae/" (cb=119)
00:00:12.836379 
00:00:12.836379 [/Devices/] (level 1)
00:00:12.836380 
00:00:12.836380 [/Devices/3c501/] (level 2)
00:00:12.836381 
00:00:12.836381 [/Devices/8237A/] (level 2)
00:00:12.836382 
00:00:12.836382 [/Devices/8237A/0/] (level 3)
00:00:12.836383   Trusted <integer> = 0x0000000000000001 (1)
00:00:12.836383 
00:00:12.836384 [/Devices/GIMDev/] (level 2)
00:00:12.836384 
00:00:12.836385 [/Devices/GIMDev/0/] (level 3)
00:00:12.836385   Trusted <integer> = 0x0000000000000001 (1)
00:00:12.836386 
00:00:12.836386 [/Devices/VMMDev/] (level 2)
00:00:12.836387 
00:00:12.836387 [/Devices/VMMDev/0/] (level 3)
00:00:12.836388   PCIBusNo      <integer> = 0x0000000000000000 (0)
00:00:12.836389   PCIDeviceNo   <integer> = 0x0000000000000004 (4)
00:00:12.836390   PCIFunctionNo <integer> = 0x0000000000000000 (0)
00:00:12.836390   Trusted       <integer> = 0x0000000000000001 (1)
00:00:12.836391 
00:00:12.836391 [/Devices/VMMDev/0/Config/] (level 4)
00:00:12.836392   GuestCoreDumpDir <string>  = "/mnt/1tb/vm/tcp/vm2/tcp-vm2/Snapshots" (cb=38)
00:00:12.836393 
00:00:12.836393 [/Devices/VMMDev/0/LUN#0/] (level 4)
00:00:12.836394   Driver <string>  = "HGCM" (cb=5)
00:00:12.836407 
00:00:12.836407 [/Devices/VMMDev/0/LUN#0/Config/] (level 5)
00:00:12.836408 
00:00:12.836408 [/Devices/VMMDev/0/LUN#999/] (level 4)
00:00:12.836409   Driver <string>  = "MainStatus" (cb=11)
00:00:12.836410 
00:00:12.836410 [/Devices/VMMDev/0/LUN#999/Config/] (level 5)
00:00:12.836412   First                <integer> = 0x0000000000000000 (0)
00:00:12.836412   HasMediumAttachments <integer> = 0x0000000000000000 (0)
00:00:12.836413   Last                 <integer> = 0x0000000000000000 (0)
00:00:12.836414   iLedSet              <integer> = 0x0000000000000006 (6)
00:00:12.836415 
00:00:12.836415 [/Devices/acpi/] (level 2)
00:00:12.836416 
00:00:12.836416 [/Devices/acpi/0/] (level 3)
00:00:12.836417   PCIBusNo      <integer> = 0x0000000000000000 (0)
00:00:12.836418   PCIDeviceNo   <integer> = 0x0000000000000007 (7)
00:00:12.836418   PCIFunctionNo <integer> = 0x0000000000000000 (0)
00:00:12.836419   Trusted       <integer> = 0x0000000000000001 (1)
00:00:12.836419 
00:00:12.836420 [/Devices/acpi/0/Config/] (level 4)
00:00:12.836421   CpuHotPlug          <integer> = 0x0000000000000000 (0)
00:00:12.836422   FdcEnabled          <integer> = 0x0000000000000000 (0)
00:00:12.836422   HostBusPciAddress   <integer> = 0x0000000000000000 (0)
00:00:12.836423   HpetEnabled         <integer> = 0x0000000000000000 (0)
00:00:12.836424   IOAPIC              <integer> = 0x0000000000000001 (1)
00:00:12.836425   IocPciAddress       <integer> = 0x0000000000010000 (65 536)
00:00:12.836425   NumCPUs             <integer> = 0x0000000000000001 (1)
00:00:12.836449   Parallel0IoPortBase <integer> = 0x0000000000000000 (0)
00:00:12.836449   Parallel0Irq        <integer> = 0x0000000000000000 (0)
00:00:12.836450   Parallel1IoPortBase <integer> = 0x0000000000000000 (0)
00:00:12.836451   Parallel1Irq        <integer> = 0x0000000000000000 (0)
00:00:12.836451   Serial0IoPortBase   <integer> = 0x0000000000000000 (0)
00:00:12.836452   Serial0Irq          <integer> = 0x0000000000000000 (0)
00:00:12.836452   Serial1IoPortBase   <integer> = 0x0000000000000000 (0)
00:00:12.836453   Serial1Irq          <integer> = 0x0000000000000000 (0)
00:00:12.836454   ShowCpu             <integer> = 0x0000000000000001 (1)
00:00:12.836454   ShowRtc             <integer> = 0x0000000000000000 (0)
00:00:12.836455   SmcEnabled          <integer> = 0x0000000000000000 (0)
00:00:12.836456 
00:00:12.836456 [/Devices/acpi/0/LUN#0/] (level 4)
00:00:12.836457   Driver <string>  = "ACPIHost" (cb=9)
00:00:12.836458 
00:00:12.836458 [/Devices/acpi/0/LUN#0/Config/] (level 5)
00:00:12.836459 
00:00:12.836459 [/Devices/ahci/] (level 2)
00:00:12.836460 
00:00:12.836460 [/Devices/ahci/0/] (level 3)
00:00:12.836468   PCIBusNo      <integer> = 0x0000000000000000 (0)
00:00:12.836469   PCIDeviceNo   <integer> = 0x000000000000000d (13)
00:00:12.836469   PCIFunctionNo <integer> = 0x0000000000000000 (0)
00:00:12.836470   Trusted       <integer> = 0x0000000000000001 (1)
00:00:12.836471 
00:00:12.836471 [/Devices/ahci/0/Config/] (level 4)
00:00:12.836472   Bootable  <integer> = 0x0000000000000001 (1)
00:00:12.836472   PortCount <integer> = 0x0000000000000001 (1)
00:00:12.836473 
00:00:12.836473 [/Devices/ahci/0/Config/Port0/] (level 5)
00:00:12.836475   Hotpluggable <integer> = 0x0000000000000000 (0)
00:00:12.836475 
00:00:12.836475 [/Devices/ahci/0/LUN#0/] (level 4)
00:00:12.836476   Driver <string>  = "VD" (cb=3)
00:00:12.836477 
00:00:12.836477 [/Devices/ahci/0/LUN#0/Config/] (level 5)
00:00:12.836479   BlockCache <integer> = 0x0000000000000001 (1)
00:00:12.836479   Format     <string>  = "VDI" (cb=4)
00:00:12.836480   Mountable  <integer> = 0x0000000000000000 (0)
00:00:12.836481   Path       <string>  = "/mnt/1tb/vm/tcp/vm2/tcp-vm2/tcp-vm2.vdi" (cb=40)
00:00:12.836481   Type       <string>  = "HardDisk" (cb=9)
00:00:12.836482   UseNewIo   <integer> = 0x0000000000000001 (1)
00:00:12.836483 
00:00:12.836483 [/Devices/ahci/0/LUN#0/Config/Plugins/] (level 6)
00:00:12.836484 
00:00:12.836484 [/Devices/ahci/0/LUN#0/Config/Plugins/VDPluginCrypt/] (level 7)
00:00:12.836486   Path <string>  = "/usr/lib/virtualbox/ExtensionPacks/Oracle_VM_VirtualBox_Extension_Pack/linux.amd64/VDPluginCrypt.so" (cb=100)
00:00:12.836487 
00:00:12.836487 [/Devices/ahci/0/LUN#0/Config/VDConfig/] (level 6)
00:00:12.836488   AllocationBlockSize <string>  = "1048576" (cb=8)
00:00:12.836489 
00:00:12.836489 [/Devices/ahci/0/LUN#999/] (level 4)
00:00:12.836490   Driver <string>  = "MainStatus" (cb=11)
00:00:12.836491 
00:00:12.836491 [/Devices/ahci/0/LUN#999/Config/] (level 5)
00:00:12.836492   DeviceInstance       <string>  = "ahci/0" (cb=7)
00:00:12.836492   First                <integer> = 0x0000000000000000 (0)
00:00:12.836493   HasMediumAttachments <integer> = 0x0000000000000001 (1)
00:00:12.836494   Last                 <integer> = 0x0000000000000000 (0)
00:00:12.836495   iLedSet              <integer> = 0x0000000000000004 (4)
00:00:12.836495 
00:00:12.836496 [/Devices/apic/] (level 2)
00:00:12.836496 
00:00:12.836497 [/Devices/apic/0/] (level 3)
00:00:12.836497   Trusted <integer> = 0x0000000000000001 (1)
00:00:12.836498 
00:00:12.836498 [/Devices/apic/0/Config/] (level 4)
00:00:12.836499   IOAPIC  <integer> = 0x0000000000000001 (1)
00:00:12.836500   Mode    <integer> = 0x0000000000000003 (3)
00:00:12.836500   NumCPUs <integer> = 0x0000000000000001 (1)
00:00:12.836501 
00:00:12.836501 [/Devices/dp8390/] (level 2)
00:00:12.836502 
00:00:12.836502 [/Devices/e1000/] (level 2)
00:00:12.836503 
00:00:12.836503 [/Devices/e1000/0/] (level 3)
00:00:12.836504   PCIBusNo      <integer> = 0x0000000000000000 (0)
00:00:12.836505   PCIDeviceNo   <integer> = 0x0000000000000003 (3)
00:00:12.836505   PCIFunctionNo <integer> = 0x0000000000000000 (0)
00:00:12.836506   Trusted       <integer> = 0x0000000000000001 (1)
00:00:12.836507 
00:00:12.836507 [/Devices/e1000/0/Config/] (level 4)
00:00:12.836508   AdapterType    <integer> = 0x0000000000000000 (0)
00:00:12.836509   CableConnected <integer> = 0x0000000000000001 (1)
00:00:12.836509   LineSpeed      <integer> = 0x0000000000000000 (0)
00:00:12.836510   MAC            <bytes>   = "08 00 27 14 72 57" (cb=6)
00:00:12.836511 
00:00:12.836511 [/Devices/e1000/0/LUN#0/] (level 4)
00:00:12.836512   Driver <string>  = "NAT" (cb=4)
00:00:12.836513 
00:00:12.836513 [/Devices/e1000/0/LUN#0/Config/] (level 5)
00:00:12.836514   AliasMode          <integer> = 0x0000000000000000 (0)
00:00:12.836515   BootFile           <string>  = "tcp-vm2.pxe" (cb=12)
00:00:12.836516   DNSProxy           <integer> = 0x0000000000000000 (0)
00:00:12.836516   LocalhostReachable <integer> = 0x0000000000000000 (0)
00:00:12.836517   Network            <string>  = "10.0.2.0/24" (cb=12)
00:00:12.836517   PassDomain         <integer> = 0x0000000000000001 (1)
00:00:12.836518   TFTPPrefix         <string>  = "/home/sae/.config/VirtualBox/TFTP" (cb=34)
00:00:12.836519   UseHostResolver    <integer> = 0x0000000000000000 (0)
00:00:12.836519 
00:00:12.836520 [/Devices/e1000/0/LUN#999/] (level 4)
00:00:12.836521   Driver <string>  = "MainStatus" (cb=11)
00:00:12.836521 
00:00:12.836521 [/Devices/e1000/0/LUN#999/Config/] (level 5)
00:00:12.836522   First                <integer> = 0x0000000000000000 (0)
00:00:12.836523   HasMediumAttachments <integer> = 0x0000000000000000 (0)
00:00:12.836524   Last                 <integer> = 0x0000000000000000 (0)
00:00:12.836524   iLedSet              <integer> = 0x0000000000000005 (5)
00:00:12.836525 
00:00:12.836525 [/Devices/i8254/] (level 2)
00:00:12.836526 
00:00:12.836526 [/Devices/i8254/0/] (level 3)
00:00:12.836527 
00:00:12.836528 [/Devices/i8254/0/Config/] (level 4)
00:00:12.836528 
00:00:12.836529 [/Devices/i8259/] (level 2)
00:00:12.836529 
00:00:12.836530 [/Devices/i8259/0/] (level 3)
00:00:12.836530   Trusted <integer> = 0x0000000000000001 (1)
00:00:12.836531 
00:00:12.836531 [/Devices/i8259/0/Config/] (level 4)
00:00:12.836532 
00:00:12.836532 [/Devices/ichac97/] (level 2)
00:00:12.836533 
00:00:12.836533 [/Devices/ichac97/0/] (level 3)
00:00:12.836534   PCIBusNo      <integer> = 0x0000000000000000 (0)
00:00:12.836535   PCIDeviceNo   <integer> = 0x0000000000000005 (5)
00:00:12.836536   PCIFunctionNo <integer> = 0x0000000000000000 (0)
00:00:12.836536   Trusted       <integer> = 0x0000000000000001 (1)
00:00:12.836537 
00:00:12.836537 [/Devices/ichac97/0/AudioConfig/] (level 4)
00:00:12.836538 
00:00:12.836539 [/Devices/ichac97/0/Config/] (level 4)
00:00:12.836540   Codec        <string>  = "AD1980" (cb=7)
00:00:12.836540   DebugEnabled <integer> = 0x0000000000000000 (0)
00:00:12.836541 
00:00:12.836541 [/Devices/ichac97/0/LUN#0/] (level 4)
00:00:12.836542   Driver <string>  = "AUDIO" (cb=6)
00:00:12.836542 
00:00:12.836543 [/Devices/ichac97/0/LUN#0/AttachedDriver/] (level 5)
00:00:12.836544   Driver <string>  = "PulseAudio" (cb=11)
00:00:12.836544 
00:00:12.836544 [/Devices/ichac97/0/LUN#0/AttachedDriver/Config/] (level 6)
00:00:12.836546   VmName <string>  = "tcp-vm2" (cb=8)
00:00:12.836546 
00:00:12.836546 [/Devices/ichac97/0/LUN#0/Config/] (level 5)
00:00:12.836548   DriverName    <string>  = "PulseAudio" (cb=11)
00:00:12.836548   InputEnabled  <integer> = 0x0000000000000000 (0)
00:00:12.836560   OutputEnabled <integer> = 0x0000000000000001 (1)
00:00:12.836560 
00:00:12.836561 [/Devices/ichac97/0/LUN#1/] (level 4)
00:00:12.836561   Driver <string>  = "AUDIO" (cb=6)
00:00:12.836562 
00:00:12.836562 [/Devices/ioapic/] (level 2)
00:00:12.836563 
00:00:12.836563 [/Devices/ioapic/0/] (level 3)
00:00:12.836564   Trusted <integer> = 0x0000000000000001 (1)
00:00:12.836565 
00:00:12.836565 [/Devices/ioapic/0/Config/] (level 4)
00:00:12.836566   NumCPUs <integer> = 0x0000000000000001 (1)
00:00:12.836566 
00:00:12.836566 [/Devices/mc146818/] (level 2)
00:00:12.836567 
00:00:12.836568 [/Devices/mc146818/0/] (level 3)
00:00:12.836568 
00:00:12.836569 [/Devices/mc146818/0/Config/] (level 4)
00:00:12.836570   UseUTC <integer> = 0x0000000000000001 (1)
00:00:12.836570 
00:00:12.836570 [/Devices/parallel/] (level 2)
00:00:12.836571 
00:00:12.836571 [/Devices/pcarch/] (level 2)
00:00:12.836572 
00:00:12.836573 [/Devices/pcarch/0/] (level 3)
00:00:12.836573   Trusted <integer> = 0x0000000000000001 (1)
00:00:12.836574 
00:00:12.836574 [/Devices/pcarch/0/Config/] (level 4)
00:00:12.836575 
00:00:12.836575 [/Devices/pcbios/] (level 2)
00:00:12.836576 
00:00:12.836576 [/Devices/pcbios/0/] (level 3)
00:00:12.836577   Trusted <integer> = 0x0000000000000001 (1)
00:00:12.836578 
00:00:12.836578 [/Devices/pcbios/0/Config/] (level 4)
00:00:12.836579   APIC               <integer> = 0x0000000000000001 (1)
00:00:12.836585   BootDevice0        <string>  = "FLOPPY" (cb=7)
00:00:12.836586   BootDevice1        <string>  = "DVD" (cb=4)
00:00:12.836587   BootDevice2        <string>  = "IDE" (cb=4)
00:00:12.836587   BootDevice3        <string>  = "NONE" (cb=5)
00:00:12.836588   FloppyDevice       <string>  = "i82078" (cb=7)
00:00:12.836588   HardDiskDevice     <string>  = "piix3ide" (cb=9)
00:00:12.836589   IOAPIC             <integer> = 0x0000000000000001 (1)
00:00:12.836590   LanBootRom         <string>  = "/usr/lib/virtualbox/ExtensionPacks/Oracle_VM_VirtualBox_Extension_Pack/PXE-Intel.rom" (cb=85)
00:00:12.836591   McfgBase           <integer> = 0x0000000000000000 (0)
00:00:12.836591   McfgLength         <integer> = 0x0000000000000000 (0)
00:00:12.836592   NumCPUs            <integer> = 0x0000000000000001 (1)
00:00:12.836593   PXEDebug           <integer> = 0x0000000000000000 (0)
00:00:12.836594   SataHardDiskDevice <string>  = "ahci" (cb=5)
00:00:12.836594   SataLUN1           <integer> = 0x0000000000000000 (0)
00:00:12.836595   UUID               <bytes>   = "2b 79 53 99 ca c9 0b 4a b8 04 e2 74 98 64 43 44" (cb=16)
00:00:12.836597   UuidLe             <integer> = 0x0000000000000001 (1)
00:00:12.836597 
00:00:12.836598 [/Devices/pcbios/0/Config/NetBoot/] (level 5)
00:00:12.836599 
00:00:12.836599 [/Devices/pcbios/0/Config/NetBoot/0/] (level 6)
00:00:12.836600   NIC           <integer> = 0x0000000000000000 (0)
00:00:12.836601   PCIBusNo      <integer> = 0x0000000000000000 (0)
00:00:12.836602   PCIDeviceNo   <integer> = 0x0000000000000003 (3)
00:00:12.836602   PCIFunctionNo <integer> = 0x0000000000000000 (0)
00:00:12.836603 
00:00:12.836603 [/Devices/pci/] (level 2)
00:00:12.836604 
00:00:12.836604 [/Devices/pci/0/] (level 3)
00:00:12.836605   Trusted <integer> = 0x0000000000000001 (1)
00:00:12.836606 
00:00:12.836606 [/Devices/pci/0/Config/] (level 4)
00:00:12.836607   IOAPIC <integer> = 0x0000000000000001 (1)
00:00:12.836607 
00:00:12.836608 [/Devices/pcibridge/] (level 2)
00:00:12.836608 
00:00:12.836609 [/Devices/pckbd/] (level 2)
00:00:12.836609 
00:00:12.836610 [/Devices/pckbd/0/] (level 3)
00:00:12.836610   Trusted <integer> = 0x0000000000000001 (1)
00:00:12.836611 
00:00:12.836611 [/Devices/pckbd/0/Config/] (level 4)
00:00:12.836612 
00:00:12.836612 [/Devices/pckbd/0/LUN#0/] (level 4)
00:00:12.836613   Driver <string>  = "KeyboardQueue" (cb=14)
00:00:12.836614 
00:00:12.836614 [/Devices/pckbd/0/LUN#0/AttachedDriver/] (level 5)
00:00:12.836615   Driver <string>  = "MainKeyboard" (cb=13)
00:00:12.836616 
00:00:12.836616 [/Devices/pckbd/0/LUN#0/Config/] (level 5)
00:00:12.836617   QueueSize <integer> = 0x0000000000000040 (64, 64 B)
00:00:12.836618 
00:00:12.836618 [/Devices/pckbd/0/LUN#1/] (level 4)
00:00:12.836619   Driver <string>  = "MouseQueue" (cb=11)
00:00:12.836620 
00:00:12.836620 [/Devices/pckbd/0/LUN#1/AttachedDriver/] (level 5)
00:00:12.836621   Driver <string>  = "MainMouse" (cb=10)
00:00:12.836621 
00:00:12.836622 [/Devices/pckbd/0/LUN#1/Config/] (level 5)
00:00:12.836623   QueueSize <integer> = 0x0000000000000080 (128, 128 B)
00:00:12.836624 
00:00:12.836624 [/Devices/pcnet/] (level 2)
00:00:12.836624 
00:00:12.836625 [/Devices/piix3ide/] (level 2)
00:00:12.836626 
00:00:12.836626 [/Devices/piix3ide/0/] (level 3)
00:00:12.836627   PCIBusNo      <integer> = 0x0000000000000000 (0)
00:00:12.836628   PCIDeviceNo   <integer> = 0x0000000000000001 (1)
00:00:12.836628   PCIFunctionNo <integer> = 0x0000000000000001 (1)
00:00:12.836629   Trusted       <integer> = 0x0000000000000001 (1)
00:00:12.836630 
00:00:12.836630 [/Devices/piix3ide/0/Config/] (level 4)
00:00:12.836631   Type <string>  = "PIIX4" (cb=6)
00:00:12.836631 
00:00:12.836631 [/Devices/piix3ide/0/LUN#2/] (level 4)
00:00:12.836632   Driver <string>  = "VD" (cb=3)
00:00:12.836633 
00:00:12.836633 [/Devices/piix3ide/0/LUN#2/Config/] (level 5)
00:00:12.836634   EmptyDrive <integer> = 0x0000000000000001 (1)
00:00:12.836635   Mountable  <integer> = 0x0000000000000001 (1)
00:00:12.836635   Type       <string>  = "DVD" (cb=4)
00:00:12.836636 
00:00:12.836636 [/Devices/piix3ide/0/LUN#999/] (level 4)
00:00:12.836637   Driver <string>  = "MainStatus" (cb=11)
00:00:12.836638 
00:00:12.836638 [/Devices/piix3ide/0/LUN#999/Config/] (level 5)
00:00:12.836639   DeviceInstance       <string>  = "piix3ide/0" (cb=11)
00:00:12.836640   First                <integer> = 0x0000000000000000 (0)
00:00:12.836640   HasMediumAttachments <integer> = 0x0000000000000001 (1)
00:00:12.836641   Last                 <integer> = 0x0000000000000003 (3)
00:00:12.836642   iLedSet              <integer> = 0x0000000000000003 (3)
00:00:12.836642 
00:00:12.836643 [/Devices/serial/] (level 2)
00:00:12.836643 
00:00:12.836644 [/Devices/usb-ehci/] (level 2)
00:00:12.836644 
00:00:12.836645 [/Devices/usb-ehci/0/] (level 3)
00:00:12.836646   PCIBusNo      <integer> = 0x0000000000000000 (0)
00:00:12.836646   PCIDeviceNo   <integer> = 0x000000000000000b (11)
00:00:12.836647   PCIFunctionNo <integer> = 0x0000000000000000 (0)
00:00:12.836647   Trusted       <integer> = 0x0000000000000001 (1)
00:00:12.836648 
00:00:12.836648 [/Devices/usb-ehci/0/Config/] (level 4)
00:00:12.836649 
00:00:12.836650 [/Devices/usb-ehci/0/LUN#0/] (level 4)
00:00:12.836658   Driver <string>  = "VUSBRootHub" (cb=12)
00:00:12.836659 
00:00:12.836659 [/Devices/usb-ehci/0/LUN#0/Config/] (level 5)
00:00:12.836660 
00:00:12.836660 [/Devices/usb-ehci/0/LUN#999/] (level 4)
00:00:12.836661   Driver <string>  = "MainStatus" (cb=11)
00:00:12.836662 
00:00:12.836662 [/Devices/usb-ehci/0/LUN#999/Config/] (level 5)
00:00:12.836663   First                <integer> = 0x0000000000000000 (0)
00:00:12.836664   HasMediumAttachments <integer> = 0x0000000000000000 (0)
00:00:12.836664   Last                 <integer> = 0x0000000000000000 (0)
00:00:12.836665   iLedSet              <integer> = 0x0000000000000002 (2)
00:00:12.836666 
00:00:12.836666 [/Devices/usb-ohci/] (level 2)
00:00:12.836667 
00:00:12.836667 [/Devices/usb-ohci/0/] (level 3)
00:00:12.836668   PCIBusNo      <integer> = 0x0000000000000000 (0)
00:00:12.836669   PCIDeviceNo   <integer> = 0x0000000000000006 (6)
00:00:12.836669   PCIFunctionNo <integer> = 0x0000000000000000 (0)
00:00:12.836670   Trusted       <integer> = 0x0000000000000001 (1)
00:00:12.836670 
00:00:12.836671 [/Devices/usb-ohci/0/Config/] (level 4)
00:00:12.836671 
00:00:12.836672 [/Devices/usb-ohci/0/LUN#0/] (level 4)
00:00:12.836673   Driver <string>  = "VUSBRootHub" (cb=12)
00:00:12.836673 
00:00:12.836673 [/Devices/usb-ohci/0/LUN#0/Config/] (level 5)
00:00:12.836674 
00:00:12.836674 [/Devices/usb-ohci/0/LUN#999/] (level 4)
00:00:12.836675   Driver <string>  = "MainStatus" (cb=11)
00:00:12.836676 
00:00:12.836676 [/Devices/usb-ohci/0/LUN#999/Config/] (level 5)
00:00:12.836677   First                <integer> = 0x0000000000000000 (0)
00:00:12.836678   HasMediumAttachments <integer> = 0x0000000000000000 (0)
00:00:12.836678   Last                 <integer> = 0x0000000000000000 (0)
00:00:12.836679   iLedSet              <integer> = 0x0000000000000001 (1)
00:00:12.836680 
00:00:12.836680 [/Devices/vga/] (level 2)
00:00:12.836681 
00:00:12.836681 [/Devices/vga/0/] (level 3)
00:00:12.836692   PCIBusNo      <integer> = 0x0000000000000000 (0)
00:00:12.836693   PCIDeviceNo   <integer> = 0x0000000000000002 (2)
00:00:12.836693   PCIFunctionNo <integer> = 0x0000000000000000 (0)
00:00:12.836694   Trusted       <integer> = 0x0000000000000001 (1)
00:00:12.836695 
00:00:12.836695 [/Devices/vga/0/Config/] (level 4)
00:00:12.836697   3DEnabled          <integer> = 0x0000000000000000 (0)
00:00:12.836697   CustomVideoModes   <integer> = 0x0000000000000000 (0)
00:00:12.836698   FadeIn             <integer> = 0x0000000000000001 (1)
00:00:12.836699   FadeOut            <integer> = 0x0000000000000001 (1)
00:00:12.836699   HeightReduction    <integer> = 0x0000000000000000 (0)
00:00:12.836700   LogoFile           <string>  = "" (cb=1)
00:00:12.836701   LogoTime           <integer> = 0x0000000000000000 (0)
00:00:12.836701   MonitorCount       <integer> = 0x0000000000000001 (1)
00:00:12.836702   ShowBootMenu       <integer> = 0x0000000000000002 (2)
00:00:12.836702   VMSVGA3dEnabled    <integer> = 0x0000000000000000 (0)
00:00:12.836703   VMSVGAEnabled      <integer> = 0x0000000000000001 (1)
00:00:12.836704   VMSVGAPciBarLayout <integer> = 0x0000000000000001 (1)
00:00:12.836704   VMSVGAPciId        <integer> = 0x0000000000000001 (1)
00:00:12.836705   VRamSize           <integer> = 0x0000000001000000 (16 777 216, 16.0 MiB)
00:00:12.836706 
00:00:12.836706 [/Devices/vga/0/LUN#0/] (level 4)
00:00:12.836707   Driver <string>  = "MainDisplay" (cb=12)
00:00:12.836708 
00:00:12.836708 [/Devices/vga/0/LUN#0/Config/] (level 5)
00:00:12.836709 
00:00:12.836709 [/Devices/vga/0/LUN#999/] (level 4)
00:00:12.836710   Driver <string>  = "MainStatus" (cb=11)
00:00:12.836711 
00:00:12.836711 [/Devices/vga/0/LUN#999/Config/] (level 5)
00:00:12.836712   First                <integer> = 0x0000000000000000 (0)
00:00:12.836713   HasMediumAttachments <integer> = 0x0000000000000000 (0)
00:00:12.836713   Last                 <integer> = 0x0000000000000000 (0)
00:00:12.836714   iLedSet              <integer> = 0x0000000000000000 (0)
00:00:12.836715 
00:00:12.836715 [/Devices/virtio-net/] (level 2)
00:00:12.836716 
00:00:12.836716 [/EM/] (level 1)
00:00:12.836717   TripleFaultReset <integer> = 0x0000000000000000 (0)
00:00:12.836717 
00:00:12.836718 [/GCM/] (level 1)
00:00:12.836718   FixerSet <integer> = 0x0000000000000000 (0)
00:00:12.836719 
00:00:12.836719 [/GIM/] (level 1)
00:00:12.836725   Provider <string>  = "KVM" (cb=4)
00:00:12.836726 
00:00:12.836726 [/HM/] (level 1)
00:00:12.836727   64bitEnabled            <integer> = 0x0000000000000001 (1)
00:00:12.836728   EnableLargePages        <integer> = 0x0000000000000001 (1)
00:00:12.836729   EnableNestedPaging      <integer> = 0x0000000000000001 (1)
00:00:12.836729   EnableUX                <integer> = 0x0000000000000001 (1)
00:00:12.836730   EnableVPID              <integer> = 0x0000000000000001 (1)
00:00:12.836731   Exclusive               <integer> = 0x0000000000000001 (1)
00:00:12.836732   HMForced                <integer> = 0x0000000000000001 (1)
00:00:12.836732   IBPBOnVMEntry           <integer> = 0x0000000000000000 (0)
00:00:12.836733   IBPBOnVMExit            <integer> = 0x0000000000000000 (0)
00:00:12.836734   L1DFlushOnSched         <integer> = 0x0000000000000001 (1)
00:00:12.836734   L1DFlushOnVMEntry       <integer> = 0x0000000000000000 (0)
00:00:12.836735   LovelyMesaDrvWorkaround <integer> = 0x0000000000000001 (1)
00:00:12.836736   MDSClearOnSched         <integer> = 0x0000000000000001 (1)
00:00:12.836736   MDSClearOnVMEntry       <integer> = 0x0000000000000000 (0)
00:00:12.836737   SpecCtrlByHost          <integer> = 0x0000000000000000 (0)
00:00:12.836738   SvmVirtVmsaveVmload     <integer> = 0x0000000000000000 (0)
00:00:12.836738   UseNEMInstead           <integer> = 0x0000000000000000 (0)
00:00:12.836739 
00:00:12.836739 [/MM/] (level 1)
00:00:12.836740   CanUseLargerHeap <integer> = 0x0000000000000000 (0)
00:00:12.836740 
00:00:12.836741 [/NEM/] (level 1)
00:00:12.836741   Allow64BitGuests        <integer> = 0x0000000000000001 (1)
00:00:12.836742   LovelyMesaDrvWorkaround <integer> = 0x0000000000000001 (1)
00:00:12.836743 
00:00:12.836743 [/PDM/] (level 1)
00:00:12.836743 
00:00:12.836744 [/PDM/AsyncCompletion/] (level 2)
00:00:12.836744 
00:00:12.836745 [/PDM/AsyncCompletion/File/] (level 3)
00:00:12.836746 
00:00:12.836746 [/PDM/AsyncCompletion/File/BwGroups/] (level 4)
00:00:12.836747 
00:00:12.836747 [/PDM/BlkCache/] (level 2)
00:00:12.836748   CacheSize <integer> = 0x0000000000500000 (5 242 880, 5.0 MiB)
00:00:12.836749 
00:00:12.836749 [/PDM/Devices/] (level 2)
00:00:12.836750 
00:00:12.836750 [/PDM/Devices/VBoxNvme/] (level 3)
00:00:12.836751   Path         <string>  = "/usr/lib/virtualbox/ExtensionPacks/Oracle_VM_VirtualBox_Extension_Pack/linux.amd64/VBoxNvmeR3.so" (cb=97)
00:00:12.836752   R0SearchPath <string>  = "/usr/lib/virtualbox/ExtensionPacks/Oracle_VM_VirtualBox_Extension_Pack/linux.amd64" (cb=83)
00:00:12.836752 
00:00:12.836753 [/PDM/Drivers/] (level 2)
00:00:12.836753 
00:00:12.836754 [/PDM/Drivers/DrvHostWebcam/] (level 3)
00:00:12.836755   Path <string>  = "/usr/lib/virtualbox/ExtensionPacks/Oracle_VM_VirtualBox_Extension_Pack/linux.amd64/VBoxHostWebcam.so" (cb=101)
00:00:12.836755 
00:00:12.836756 [/PDM/Drivers/VBoxC/] (level 3)
00:00:12.836756   Path <string>  = "/usr/lib/virtualbox/components/VBoxC" (cb=37)
00:00:12.836757 
00:00:12.836757 [/PDM/NetworkShaper/] (level 2)
00:00:12.836758 
00:00:12.836758 [/PDM/NetworkShaper/BwGroups/] (level 3)
00:00:12.836759 
00:00:12.836759 [/PDM/USB/] (level 2)
00:00:12.836760 
00:00:12.836760 [/PDM/USB/VBoxUsbCardReader/] (level 3)
00:00:12.836761   Path <string>  = "/usr/lib/virtualbox/ExtensionPacks/Oracle_VM_VirtualBox_Extension_Pack/linux.amd64/VBoxUsbCardReaderR3.so" (cb=106)
00:00:12.836762 
00:00:12.836762 [/PDM/USB/VBoxUsbWebcam/] (level 3)
00:00:12.836763   Path <string>  = "/usr/lib/virtualbox/ExtensionPacks/Oracle_VM_VirtualBox_Extension_Pack/linux.amd64/VBoxUsbWebcamR3.so" (cb=102)
00:00:12.836763 
00:00:12.836764 [/TM/] (level 1)
00:00:12.836764   UTCOffset <integer> = 0x0000000000000000 (0)
00:00:12.836765 
00:00:12.836765 [/USB/] (level 1)
00:00:12.836766 
00:00:12.836766 [/USB/HidMouse/] (level 2)
00:00:12.836767 
00:00:12.836767 [/USB/HidMouse/0/] (level 3)
00:00:12.836768 
00:00:12.836768 [/USB/HidMouse/0/Config/] (level 4)
00:00:12.836769   Mode <string>  = "absolute" (cb=9)
00:00:12.836769 
00:00:12.836770 [/USB/HidMouse/0/LUN#0/] (level 4)
00:00:12.836771   Driver <string>  = "MouseQueue" (cb=11)
00:00:12.836771 
00:00:12.836771 [/USB/HidMouse/0/LUN#0/AttachedDriver/] (level 5)
00:00:12.836772   Driver <string>  = "MainMouse" (cb=10)
00:00:12.836773 
00:00:12.836773 [/USB/HidMouse/0/LUN#0/Config/] (level 5)
00:00:12.836774   QueueSize <integer> = 0x0000000000000080 (128, 128 B)
00:00:12.836775 
00:00:12.836775 [/USB/USBProxy/] (level 2)
00:00:12.836776 
00:00:12.836776 [/USB/USBProxy/GlobalConfig/] (level 3)
00:00:12.836777 
00:00:12.836778 ********************* End of CFGM dump **********************
00:00:12.836889 HM: HMR3Init: VT-x w/ nested paging and unrestricted guest execution hw support
00:00:12.836974 CPUM: fXStateHostMask=0x3; initial: 0x3; host XCR0=0x3
00:00:12.837773 CPUM: Matched host CPU INTEL 0x6/0x3c/0x3 Intel_Core7_Haswell with CPU DB entry 'Intel Core i7-5600U' (INTEL 0x6/0x3d/0x4 Intel_Core7_Broadwell)
00:00:12.837815 CPUM: MXCSR_MASK=0xffff (host: 0xffff)
00:00:12.837825 CPUM: Microcode revision 0x00000028
00:00:12.837832 CPUM: MSR/CPUID reconciliation insert: 0x0000010b IA32_FLUSH_CMD
00:00:12.837837 CPUM: MSR fudge: 0x00000001 IA32_P5_MC_TYPE
00:00:12.837840 CPUM: MSR fudge: 0x00000017 IA32_PLATFORM_ID
00:00:12.837843 CPUM: MSR fudge: 0x0000001b IA32_APIC_BASE
00:00:12.837845 CPUM: MSR fudge: 0x0000008b BIOS_SIGN
00:00:12.837847 CPUM: MSR fudge: 0x000000fe IA32_MTRRCAP
00:00:12.837849 CPUM: MSR fudge: 0x00000179 IA32_MCG_CAP
00:00:12.837851 CPUM: MSR fudge: 0x0000017a IA32_MCG_STATUS
00:00:12.837853 CPUM: MSR fudge: 0x000001a0 IA32_MISC_ENABLE
00:00:12.837855 CPUM: MSR fudge: 0x000001d9 IA32_DEBUGCTL
00:00:12.837857 CPUM: MSR fudge: 0x000001db P6_LAST_BRANCH_FROM_IP
00:00:12.837859 CPUM: MSR fudge: 0x000001dc P6_LAST_BRANCH_TO_IP
00:00:12.837861 CPUM: MSR fudge: 0x000001dd P6_LAST_INT_FROM_IP
00:00:12.837863 CPUM: MSR fudge: 0x000001de P6_LAST_INT_TO_IP
00:00:12.837865 CPUM: MSR fudge: 0x00000277 IA32_PAT
00:00:12.837868 CPUM: MSR fudge: 0x000002ff IA32_MTRR_DEF_TYPE
00:00:12.837870 CPUM: MSR fudge: 0x00000400 IA32_MCi_CTL_STATUS_ADDR_MISC
00:00:12.837873 CPUM: MSR fudge: 0xc0000103 AMD64_TSC_AUX
00:00:12.837895 CPUM: SetGuestCpuIdFeature: Enabled SYSENTER/EXIT
00:00:12.837898 CPUM: SetGuestCpuIdFeature: Enabled SYSCALL/RET
00:00:12.837900 CPUM: SetGuestCpuIdFeature: Enabled PAE
00:00:12.837902 CPUM: SetGuestCpuIdFeature: Enabled LAHF/SAHF
00:00:12.837904 CPUM: SetGuestCpuIdFeature: Enabled NX
00:00:12.837912 CPUM: SetGuestCpuIdFeature: Enabled LONG MODE
00:00:12.838219 PGM: Host paging mode: AMD64+PGE+NX
00:00:12.838233 PGM: PGMPool: cMaxPages=2304 (u64MaxPages=2084)
00:00:12.838236 PGM: pgmR3PoolInit: cMaxPages=0x900 cMaxUsers=0x1200 cMaxPhysExts=0x1200 fCacheEnable=true
00:00:12.838900 PGM: /proc/sys/vm/max_map_count = 65530 (rc2=VWRN_TRAILING_CHARS); cGuessNeeded=16384
00:00:12.848323 TM: GIP - u32Mode=3 (Invariant) u32UpdateHz=62 u32UpdateIntervalNS=16000000 enmUseTscDelta=2 (Practically Zero) fGetGipCpu=0x1b cCpus=2
00:00:12.848344 TM: GIP - u64CpuHz=3 092 837 181 (0xb858f33d)  SUPGetCpuHzFromGip => 3 092 837 181
00:00:12.848360 TM: GIP - CPU: iCpuSet=0x0 idCpu=0x0 idApic=0x0 iGipCpu=0x1 i64TSCDelta=0 enmState=3 u64CpuHz=3092837339(*) cErrors=0
00:00:12.848364 TM: GIP - CPU: iCpuSet=0x1 idCpu=0x1 idApic=0x2 iGipCpu=0x0 i64TSCDelta=0 enmState=3 u64CpuHz=3092837181(*) cErrors=0
00:00:12.848397 TM:     cTSCTicksPerSecond=3 092 837 181 (0xb858f33d) enmTSCMode=3 (Dynamic)
00:00:12.848399 TM: cTSCTicksPerSecondHost=3 092 837 181 (0xb858f33d)
00:00:12.848400 TM: TSCTiedToExecution=false TSCNotTiedToHalt=false
00:00:12.848862 EMR3Init: fIemExecutesAll=false fGuruOnTripleFault=true
00:00:12.849139 IEM: TargetCpu=CURRENT, Microarch=Intel_Core7_Haswell aidxTargetCpuEflFlavour={1,0}
00:00:12.849205 GIM: Using provider 'KVM' (Implementation version: 0)
00:00:12.849211 CPUM: SetGuestCpuIdFeature: Enabled Hypervisor Present bit
00:00:12.849232 GCM: Initialized (fixer bits: 0x0)
00:00:12.883549 AIOMgr: Default manager type is 'Async'
00:00:12.883565 AIOMgr: Default file backend is 'NonBuffered'
00:00:12.883658 BlkCache: Cache successfully initialized. Cache size is 5242880 bytes
00:00:12.883663 BlkCache: Cache commit interval is 10000 ms
00:00:12.883665 BlkCache: Cache commit threshold is 2621440 bytes
00:00:12.885503 PcBios: [SMP] BIOS with 1 CPUs
00:00:12.885529 PcBios: Using the 386+ BIOS image.
00:00:12.885586 PcBios: MPS table at 000e1300
00:00:12.886152 PcBios: Using LAN ROM '/usr/lib/virtualbox/ExtensionPacks/Oracle_VM_VirtualBox_Extension_Pack/PXE-Intel.rom' with a size of 0xc000 bytes
00:00:12.886254 PcBios: fCheckShutdownStatusForSoftReset=true  fClearShutdownStatusOnHardReset=true
00:00:12.886716 SUP: seg #0: R   0x00000000 LB 0x0000a000
00:00:12.886725 SUP: seg #1: R X 0x0000a000 LB 0x0002b000
00:00:12.886728 SUP: seg #2: R   0x00035000 LB 0x00010000
00:00:12.886730 SUP: seg #3: RW  0x00045000 LB 0x00008500
00:00:12.886840 SUP: Loaded VBoxDDR0.r0 (/usr/lib/virtualbox/VBoxDDR0.r0) at 0xXXXXXXXXXXXXXXXX - ModuleInit at XXXXXXXXXXXXXXXX and ModuleTerm at XXXXXXXXXXXXXXXX
00:00:12.887108 CPUM: SetGuestCpuIdFeature: Enabled xAPIC
00:00:12.887114 CPUM: SetGuestCpuIdFeature: Enabled x2APIC
00:00:12.888101 IOAPIC: Version=2.0 ChipType=ICH9
00:00:12.888215 PIT: mode=3 count=0x10000 (65536) - 18.20 Hz (ch=0)
00:00:12.888396 VMMDev: cbDefaultBudget: 652 648 618 (26e6a0aa)
00:00:12.896328 Shared Folders service loaded
00:00:12.897686 Guest Control service loaded
00:00:12.915364 VGA: Using the 386+ BIOS image.
00:00:12.921484 VD: VDInit finished with VINF_SUCCESS
00:00:12.922962 DrvVD: Flushes will be ignored
00:00:12.922975 DrvVD: Async flushes will be passed to the disk
00:00:12.925528 AIOMgr: Endpoint for file '/mnt/1tb/vm/tcp/vm2/tcp-vm2/tcp-vm2.vdi' (flags 000c0723) created successfully
00:00:12.937812 VD: Opening the disk took 12668123 ns
00:00:12.937901 AHCI: LUN#0: disk, PCHS=16383/16/63, total number of sectors 104857600
00:00:12.939019 AHCI#0: Reset the HBA
00:00:12.939038 VD#0: Cancelling all active requests
00:00:12.949280 PIIX3 ATA: LUN#0: no unit
00:00:12.949300 PIIX3 ATA: LUN#1: no unit
00:00:12.949398 DrvVD: Flushes will be ignored
00:00:12.949404 DrvVD: Async flushes will be passed to the disk
00:00:12.949422 PIIX3 ATA: LUN#2: CD/DVD, total number of sectors 0, passthrough disabled
00:00:12.951612 PIIX3 ATA: LUN#3: no unit
00:00:12.951613 PIIX3 ATA: Ctl#1: finished processing RESET
00:00:12.958249 PIIX3 ATA: Ctl#0: finished processing RESET
00:00:12.958961 E1000#0: Chip=82540EM LinkUpDelay=5000ms EthernetCRC=on GSO=enabled Itr=disabled ItrRx=enabled TID=disabled R0=enabled RC=disabled
00:00:12.964208 NAT: Guest address guess set to 10.0.2.15 by initialization
00:00:12.964310 NAT: resolv.conf: nameserver 192.168.100.2
00:00:12.964315 NAT: resolv.conf: nameserver 192.168.100.1
00:00:12.964325 NAT: Adding domain name tega.local
00:00:12.964327 NAT: DNS#0: 192.168.100.2
00:00:12.964330 NAT: DNS#1: 192.168.100.1
00:00:12.964833 AC97: Using codec 'AD1980'
00:00:12.964890 Audio: Initializing PulseAudio driver
00:00:12.964951 PulseAudio: Using version 14.2.0
00:00:12.966245 PulseAudio: Retrieving server information ...
00:00:12.966619 Audio: Found 2 devices for driver 'PulseAudio'
00:00:12.966626 Audio: Device 'Встроенное аудио Цифровой стерео (IEC958)':
00:00:12.966627 Audio:   ID              = alsa_output.pci-0000_00_1b.0.iec958-stereo
00:00:12.966627 Audio:   Usage           = output
00:00:12.966627 Audio:   Flags           = DEFAULT_OUT
00:00:12.966628 Audio:   Input channels  = 0
00:00:12.966628 Audio:   Output channels = 2
00:00:12.966631 Audio: Device 'Monitor of Встроенное аудио Цифровой стерео (IEC958)':
00:00:12.966631 Audio:   ID              = alsa_output.pci-0000_00_1b.0.iec958-stereo.monitor
00:00:12.966632 Audio:   Usage           = input
00:00:12.966632 Audio:   Flags           = DEFAULT_IN
00:00:12.966632 Audio:   Input channels  = 2
00:00:12.966633 Audio:   Output channels = 0
00:00:12.966704 AC97: Reset
00:00:12.966707 AC97: Mixer reset (EAID=0x809, EACS=0x9)
00:00:12.966710 AC97: Record select to left=mic, right=mic
00:00:12.969675 VUSB: Attached 'HidMouse' to port 1 on RootHub#1 (FullSpeed)
00:00:12.969721 PGM: The CPU physical address width is 39 bits
00:00:12.969726 PGM: PGMR3InitFinalize: 4 MB PSE mask 0000007fffffffff -> VINF_SUCCESS
00:00:12.969741 TM: TMR3InitFinalize: fTSCModeSwitchAllowed=true
00:00:12.969968 VMM: Enabled thread-context hooks
00:00:12.969973 VMM: RTThreadPreemptIsPending() can be trusted
00:00:12.969976 VMM: Kernel preemption is not possible it seems
00:00:12.970000 HM: fWorldSwitcher=0x30000 (fIbpbOnVmExit=false fIbpbOnVmEntry=false fL1dFlushOnVmEntry=false); fL1dFlushOnSched=true fMdsClearOnVmEntry=false
00:00:12.970006 HM: Using VT-x implementation 3.0
00:00:12.970006 HM: Max resume loops                  = 8192
00:00:12.970007 HM: Host CR4                          = 0x706f0
00:00:12.970008 HM: Host EFER                         = 0xd01
00:00:12.970008 HM: MSR_IA32_SMM_MONITOR_CTL          = 0x0
00:00:12.970009 HM: Host DR6 zero'ed                  = 0xffff0ff0
00:00:12.970010 HM: MSR_IA32_FEATURE_CONTROL          = 0x5
00:00:12.970010 HM:   LOCK
00:00:12.970011 HM:   VMXON
00:00:12.970011 HM: MSR_IA32_VMX_BASIC                = 0xda040000000012
00:00:12.970012 HM:   VMCS id                           = 0x12
00:00:12.970012 HM:   VMCS size                         = 1024 bytes
00:00:12.970013 HM:   VMCS physical address limit       = None
00:00:12.970013 HM:   VMCS memory type                  = Write Back (WB)
00:00:12.970014 HM:   Dual-monitor treatment support    = true
00:00:12.970014 HM:   OUTS & INS instruction-info       = true
00:00:12.970015 HM:   Supports true-capability MSRs     = true
00:00:12.970015 HM:   VM-entry Xcpt error-code optional = false
00:00:12.970016 HM: MSR_IA32_VMX_PINBASED_CTLS        = 0x7f00000016
00:00:12.970016 HM:   EXT_INT_EXIT
00:00:12.970017 HM:   NMI_EXIT
00:00:12.970017 HM:   VIRTUAL_NMI
00:00:12.970017 HM:   PREEMPT_TIMER
00:00:12.970018 HM:   POSTED_INT (must be cleared)
00:00:12.970018 HM: MSR_IA32_VMX_PROCBASED_CTLS       = 0xfff9fffe0401e172
00:00:12.970019 HM:   INT_WINDOW_EXIT
00:00:12.970019 HM:   USE_TSC_OFFSETTING
00:00:12.970020 HM:   HLT_EXIT
00:00:12.970020 HM:   INVLPG_EXIT
00:00:12.970021 HM:   MWAIT_EXIT
00:00:12.970021 HM:   RDPMC_EXIT
00:00:12.970021 HM:   RDTSC_EXIT
00:00:12.970022 HM:   CR3_LOAD_EXIT (must be set)
00:00:12.970022 HM:   CR3_STORE_EXIT (must be set)
00:00:12.970023 HM:   USE_TERTIARY_CTLS (must be cleared)
00:00:12.970023 HM:   CR8_LOAD_EXIT
00:00:12.970023 HM:   CR8_STORE_EXIT
00:00:12.970024 HM:   USE_TPR_SHADOW
00:00:12.970024 HM:   NMI_WINDOW_EXIT
00:00:12.970024 HM:   MOV_DR_EXIT
00:00:12.970025 HM:   UNCOND_IO_EXIT
00:00:12.970025 HM:   USE_IO_BITMAPS
00:00:12.970025 HM:   MONITOR_TRAP_FLAG
00:00:12.970026 HM:   USE_MSR_BITMAPS
00:00:12.970026 HM:   MONITOR_EXIT
00:00:12.970026 HM:   PAUSE_EXIT
00:00:12.970027 HM:   USE_SECONDARY_CTLS
00:00:12.970027 HM: MSR_IA32_VMX_PROCBASED_CTLS2      = 0x1cff00000000
00:00:12.970028 HM:   VIRT_APIC_ACCESS
00:00:12.970028 HM:   EPT
00:00:12.970029 HM:   DESC_TABLE_EXIT
00:00:12.970029 HM:   RDTSCP
00:00:12.970029 HM:   VIRT_X2APIC_MODE
00:00:12.970030 HM:   VPID
00:00:12.970030 HM:   WBINVD_EXIT
00:00:12.970031 HM:   UNRESTRICTED_GUEST
00:00:12.970031 HM:   APIC_REG_VIRT (must be cleared)
00:00:12.970032 HM:   VIRT_INT_DELIVERY (must be cleared)
00:00:12.970032 HM:   PAUSE_LOOP_EXIT
00:00:12.970032 HM:   RDRAND_EXIT
00:00:12.970033 HM:   INVPCID
00:00:12.970033 HM:   VMFUNC (must be cleared)
00:00:12.970033 HM:   VMCS_SHADOWING (must be cleared)
00:00:12.970034 HM:   ENCLS_EXIT (must be cleared)
00:00:12.970034 HM:   RDSEED_EXIT (must be cleared)
00:00:12.970034 HM:   PML (must be cleared)
00:00:12.970035 HM:   EPT_XCPT_VE (must be cleared)
00:00:12.970035 HM:   CONCEAL_VMX_FROM_PT (must be cleared)
00:00:12.970035 HM:   XSAVES_XRSTORS (must be cleared)
00:00:12.970035 HM:   MODE_BASED_EPT_PERM (must be cleared)
00:00:12.970036 HM:   SPP_EPT (must be cleared)
00:00:12.970036 HM:   PT_EPT (must be cleared)
00:00:12.970036 HM:   TSC_SCALING (must be cleared)
00:00:12.970037 HM:   USER_WAIT_PAUSE (must be cleared)
00:00:12.970037 HM:   ENCLV_EXIT (must be cleared)
00:00:12.970037 HM: MSR_IA32_VMX_ENTRY_CTLS           = 0xffff000011ff
00:00:12.970038 HM:   LOAD_DEBUG (must be set)
00:00:12.970038 HM:   IA32E_MODE_GUEST
00:00:12.970039 HM:   ENTRY_TO_SMM
00:00:12.970039 HM:   DEACTIVATE_DUAL_MON
00:00:12.970039 HM:   LOAD_PERF_MSR
00:00:12.970040 HM:   LOAD_PAT_MSR
00:00:12.970040 HM:   LOAD_EFER_MSR
00:00:12.970040 HM:   LOAD_BNDCFGS_MSR (must be cleared)
00:00:12.970041 HM:   CONCEAL_VMX_FROM_PT (must be cleared)
00:00:12.970041 HM:   LOAD_RTIT_CTL_MSR (must be cleared)
00:00:12.970041 HM:   LOAD_CET_STATE (must be cleared)
00:00:12.970042 HM:   LOAD_PKRS_MSR (must be cleared)
00:00:12.970042 HM: MSR_IA32_VMX_EXIT_CTLS            = 0x7fffff00036dff
00:00:12.970043 HM:   SAVE_DEBUG (must be set)
00:00:12.970043 HM:   HOST_ADDR_SPACE_SIZE
00:00:12.970043 HM:   LOAD_PERF_MSR
00:00:12.970044 HM:   ACK_EXT_INT
00:00:12.970044 HM:   SAVE_PAT_MSR
00:00:12.970044 HM:   LOAD_PAT_MSR
00:00:12.970045 HM:   SAVE_EFER_MSR
00:00:12.970045 HM:   LOAD_EFER_MSR
00:00:12.970045 HM:   SAVE_PREEMPT_TIMER
00:00:12.970045 HM:   CLEAR_BNDCFGS_MSR (must be cleared)
00:00:12.970046 HM:   CONCEAL_VMX_FROM_PT (must be cleared)
00:00:12.970046 HM:   CLEAR_RTIT_CTL_MSR (must be cleared)
00:00:12.970046 HM:   LOAD_CET_STATE (must be cleared)
00:00:12.970047 HM:   LOAD_PKRS_MSR (must be cleared)
00:00:12.970047 HM: MSR_IA32_VMX_TRUE_PINBASED_CTLS   = 0x7f00000016
00:00:12.970048 HM: MSR_IA32_VMX_TRUE_PROCBASED_CTLS  = 0xfff9fffe04006172
00:00:12.970048 HM: MSR_IA32_VMX_TRUE_ENTRY_CTLS      = 0xffff000011fb
00:00:12.970049 HM: MSR_IA32_VMX_TRUE_EXIT_CTLS       = 0x7fffff00036dfb
00:00:12.970050 HM: MSR_IA32_VMX_MISC                 = 0x300481e5
00:00:12.970050 HM:   PREEMPT_TIMER_TSC                 = 0x5
00:00:12.970051 HM:   EXIT_SAVE_EFER_LMA                = true
00:00:12.970052 HM:   ACTIVITY_STATES                   = 0x7 ( HLT SHUTDOWN SIPI_WAIT )
00:00:12.970052 HM:   INTEL_PT                          = false
00:00:12.970053 HM:   SMM_READ_SMBASE_MSR               = true
00:00:12.970053 HM:   CR3_TARGET                        = 0x4
00:00:12.970053 HM:   MAX_MSR                           = 0x0 ( 512 )
00:00:12.970054 HM:   VMXOFF_BLOCK_SMI                  = true
00:00:12.970054 HM:   VMWRITE_ALL                       = true
00:00:12.970055 HM:   ENTRY_INJECT_SOFT_INT             = 0x0
00:00:12.970055 HM:   MSEG_ID                           = 0x0
00:00:12.970056 HM: MSR_IA32_VMX_VMCS_ENUM            = 0x2a
00:00:12.970056 HM:   HIGHEST_IDX                       = 0x15
00:00:12.970057 HM: MSR_IA32_VMX_EPT_VPID_CAP         = 0xf0106334141
00:00:12.970057 HM:   RWX_X_ONLY
00:00:12.970058 HM:   PAGE_WALK_LENGTH_4
00:00:12.970058 HM:   MEMTYPE_UC
00:00:12.970058 HM:   MEMTYPE_WB
00:00:12.970059 HM:   PDE_2M
00:00:12.970059 HM:   PDPTE_1G
00:00:12.970059 HM:   INVEPT
00:00:12.970060 HM:   ACCESS_DIRTY
00:00:12.970060 HM:   INVEPT_SINGLE_CONTEXT
00:00:12.970060 HM:   INVEPT_ALL_CONTEXTS
00:00:12.970061 HM:   INVVPID
00:00:12.970061 HM:   INVVPID_INDIV_ADDR
00:00:12.970061 HM:   INVVPID_SINGLE_CONTEXT
00:00:12.970062 HM:   INVVPID_ALL_CONTEXTS
00:00:12.970062 HM:   INVVPID_SINGLE_CONTEXT_RETAIN_GLOBALS
00:00:12.970062 HM: MSR_IA32_VMX_CR0_FIXED0           = 0x80000021
00:00:12.970063 HM: MSR_IA32_VMX_CR0_FIXED1           = 0xffffffff
00:00:12.970064 HM: MSR_IA32_VMX_CR4_FIXED0           = 0x2000
00:00:12.970064 HM: MSR_IA32_VMX_CR4_FIXED1           = 0x727ff
00:00:12.970065 HM: Guest support: 32-bit and 64-bit
00:00:12.970068 HM: Supports VMCS EFER fields         = true
00:00:12.970069 HM: Enabled VMX
00:00:12.970071 HM: Enabled nested paging
00:00:12.970071 HM:   EPT flush type                  = Single context
00:00:12.970072 HM: Enabled unrestricted guest execution
00:00:12.970078 HM: Enabled large page support
00:00:12.970078 HM: Enabled VPID
00:00:12.970079 HM:   VPID flush type                 = Single context
00:00:12.970079 HM: Enabled VMX-preemption timer (cPreemptTimerShift=5)
00:00:12.970080 HM: VT-x/AMD-V init method: Global
00:00:12.970081 EM: Exit history optimizations: enabled=true enabled-r0=true enabled-r0-no-preemption=false
00:00:12.970106 PcBios: SATA LUN#0 LCHS=1024/255/63
00:00:12.970119 APIC: fPostedIntrsEnabled=false fVirtApicRegsEnabled=false fSupportsTscDeadline=false
00:00:12.970125 TMR3UtcNow: nsNow=1 675 325 389 157 620 000 nsPrev=0 -> cNsDelta=1 675 325 389 157 620 000 (offLag=0 offVirtualSync=0 offVirtualSyncGivenUp=0, NowAgain=1 675 325 389 157 621 000)
00:00:12.970131 VMM: fUsePeriodicPreemptionTimers=false
00:00:12.970193 CPUM: Logical host processors: 2 present, 2 max, 2 online, online mask: 0000000000000003
00:00:12.970223 CPUM: Physical host cores: 2
00:00:12.970223 ************************* CPUID dump ************************
00:00:12.970233          Raw Standard CPUID Leaves
00:00:12.970234      Leaf/sub-leaf  eax      ebx      ecx      edx
00:00:12.970234 Gst: 00000000/0000  0000000d 756e6547 6c65746e 49656e69
00:00:12.970236 Hst:                0000000d 756e6547 6c65746e 49656e69
00:00:12.970237 Gst: 00000001/0000  000306c3 00010800 c4fa220b 178bfbff
00:00:12.970238 Hst:                000306c3 02100800 4ddaebbf bfebfbff
00:00:12.970239 Gst: 00000002/0000  76036301 00f0b6ff 00000000 00c10000
00:00:12.970239 Hst:                76036301 00f0b6ff 00000000 00c10000
00:00:12.970240 Gst: 00000003/0000  00000000 00000000 00000000 00000000
00:00:12.970241 Hst:                00000000 00000000 00000000 00000000
00:00:12.970242 Gst: 00000004/0000  00000121 01c0003f 0000003f 00000000
00:00:12.970242 Hst:                1c004121 01c0003f 0000003f 00000000
00:00:12.970243 Gst: 00000004/0001  00000122 01c0003f 0000003f 00000000
00:00:12.970244 Hst:                1c004122 01c0003f 0000003f 00000000
00:00:12.970245 Gst: 00000004/0002  00000143 01c0003f 000001ff 00000000
00:00:12.970245 Hst:                1c004143 01c0003f 000001ff 00000000
00:00:12.970246 Gst: 00000004/0003  00000163 02c0003f 00000fff 00000006
00:00:12.970247 Hst:                1c03c163 02c0003f 00000fff 00000006
00:00:12.970247 Gst: 00000004/0004  00000000 00000000 00000000 00000000
00:00:12.970248 Hst:                00000000 00000000 00000000 00000000
00:00:12.970249 Gst: 00000005/0000  00000040 00000040 00000000 00000000
00:00:12.970249 Hst:                00000040 00000040 00000003 00002120
00:00:12.970250 Gst: 00000006/0000  00000000 00000000 00000000 00000000
00:00:12.970251 Hst:                00000075 00000002 00000009 00000000
00:00:12.970251 Gst: 00000007/0000  00000000 00002401 00000000 10000400
00:00:12.970252 Hst:                00000000 00002603 00000000 9c000600
00:00:12.970253 Gst: 00000007/0001  00000000 00000000 00000000 00000000
00:00:12.970253 Hst:                00000000 00000000 00000000 00000000
00:00:12.970254 Gst: 00000008/0000  00000000 00000000 00000000 00000000
00:00:12.970255 Hst:                00000000 00000000 00000000 00000000
00:00:12.970255 Gst: 00000009/0000  00000000 00000000 00000000 00000000
00:00:12.970256 Hst:                00000000 00000000 00000000 00000000
00:00:12.970256 Gst: 0000000a/0000  00000000 00000000 00000000 00000000
00:00:12.970257 Hst:                07300803 00000000 00000000 00000603
00:00:12.970258 Gst: 0000000b/0000  00000000 00000001 00000100 00000000
00:00:12.970258 Hst:                00000001 00000001 00000100 00000002
00:00:12.970259 Gst: 0000000b/0001  00000001 00000001 00000201 00000000
00:00:12.970259 Hst:                00000004 00000002 00000201 00000002
00:00:12.970260 Gst: 0000000b/0002  00000000 00000000 00000002 00000000
00:00:12.970261 Hst:                00000000 00000000 00000002 00000002
00:00:12.970261 Gst: 0000000c/0000  00000000 00000000 00000000 00000000
00:00:12.970262 Hst:                00000000 00000000 00000000 00000000
00:00:12.970262 Gst: 0000000d/0000  00000003 00000240 00000240 00000000
00:00:12.970263 Hst:                00000003 00000240 00000240 00000000
00:00:12.970264 Gst: 0000000d/0001  00000000 00000000 00000000 00000000
00:00:12.970264 Hst:                00000001 00000000 00000000 00000000
00:00:12.970265 Gst: 0000000d/0002  00000000 00000000 00000000 00000000
00:00:12.970265 Hst:                00000000 00000000 00000000 00000000
00:00:12.970279                                Name: GenuineIntel
00:00:12.970280                            Supports: 0x00000000-0x0000000d
00:00:12.970281                              Family:  6 	Extended: 0 	Effective: 6
00:00:12.970283                               Model: 12 	Extended: 3 	Effective: 60
00:00:12.970284                            Stepping: 3
00:00:12.970284                                Type: 0 (primary)
00:00:12.970285                             APIC ID: 0x00
00:00:12.970286                        Logical CPUs: 1
00:00:12.970287                        CLFLUSH Size: 8
00:00:12.970287                            Brand ID: 0x00
00:00:12.970288 Features
00:00:12.970289   Mnemonic - Description                                  = guest (host)
00:00:12.970290   FPU - x87 FPU on Chip                                   = 1 (1)
00:00:12.970291   VME - Virtual 8086 Mode Enhancements                    = 1 (1)
00:00:12.970292   DE - Debugging extensions                               = 1 (1)
00:00:12.970293   PSE - Page Size Extension                               = 1 (1)
00:00:12.970294   TSC - Time Stamp Counter                                = 1 (1)
00:00:12.970295   MSR - Model Specific Registers                          = 1 (1)
00:00:12.970296   PAE - Physical Address Extension                        = 1 (1)
00:00:12.970296   MCE - Machine Check Exception                           = 1 (1)
00:00:12.970297   CX8 - CMPXCHG8B instruction                             = 1 (1)
00:00:12.970298   APIC - APIC On-Chip                                     = 1 (1)
00:00:12.970299   SEP - SYSENTER and SYSEXIT Present                      = 1 (1)
00:00:12.970300   MTRR - Memory Type Range Registers                      = 1 (1)
00:00:12.970301   PGE - PTE Global Bit                                    = 1 (1)
00:00:12.970302   MCA - Machine Check Architecture                        = 1 (1)
00:00:12.970303   CMOV - Conditional Move instructions                    = 1 (1)
00:00:12.970304   PAT - Page Attribute Table                              = 1 (1)
00:00:12.970304   PSE-36 - 36-bit Page Size Extension                     = 1 (1)
00:00:12.970305   PSN - Processor Serial Number                           = 0 (0)
00:00:12.970306   CLFSH - CLFLUSH instruction                             = 1 (1)
00:00:12.970307   DS - Debug Store                                        = 0 (1)
00:00:12.970308   ACPI - Thermal Mon. & Soft. Clock Ctrl.                 = 0 (1)
00:00:12.970309   MMX - Intel MMX Technology                              = 1 (1)
00:00:12.970310   FXSR - FXSAVE and FXRSTOR instructions                  = 1 (1)
00:00:12.970311   SSE - SSE support                                       = 1 (1)
00:00:12.970312   SSE2 - SSE2 support                                     = 1 (1)
00:00:12.970313   SS - Self Snoop                                         = 0 (1)
00:00:12.970314   HTT - Hyper-Threading Technology                        = 1 (1)
00:00:12.970314   TM - Therm. Monitor                                     = 0 (1)
00:00:12.970315   PBE - Pending Break Enabled                             = 0 (1)
00:00:12.970316   SSE3 - SSE3 support                                     = 1 (1)
00:00:12.970317   PCLMUL - PCLMULQDQ support (for AES-GCM)                = 1 (1)
00:00:12.970318   DTES64 - DS Area 64-bit Layout                          = 0 (1)
00:00:12.970319   MONITOR - MONITOR/MWAIT instructions                    = 1 (1)
00:00:12.970320   CPL-DS - CPL Qualified Debug Store                      = 0 (1)
00:00:12.970321   VMX - Virtual Machine Extensions                        = 0 (1)
00:00:12.970321   SMX - Safer Mode Extensions                             = 0 (0)
00:00:12.970322   EST - Enhanced SpeedStep Technology                     = 0 (1)
00:00:12.970323   TM2 - Terminal Monitor 2                                = 0 (1)
00:00:12.970324   SSSE3 - Supplemental Streaming SIMD Extensions 3        = 1 (1)
00:00:12.970325   CNTX-ID - L1 Context ID                                 = 0 (0)
00:00:12.970326   SDBG - Silicon Debug interface                          = 0 (1)
00:00:12.970326   FMA - Fused Multiply Add extensions                     = 0 (0)
00:00:12.970327   CX16 - CMPXCHG16B instruction                           = 1 (1)
00:00:12.970328   TPRUPDATE - xTPR Update Control                         = 0 (1)
00:00:12.970329   PDCM - Perf/Debug Capability MSR                        = 0 (1)
00:00:12.970330   PCID - Process Context Identifiers                      = 1 (1)
00:00:12.970331   DCA - Direct Cache Access                               = 0 (0)
00:00:12.970331   SSE4_1 - SSE4_1 support                                 = 1 (1)
00:00:12.970332   SSE4_2 - SSE4_2 support                                 = 1 (1)
00:00:12.970333   X2APIC - x2APIC support                                 = 1 (0)
00:00:12.970334   MOVBE - MOVBE instruction                               = 1 (1)
00:00:12.970335   POPCNT - POPCNT instruction                             = 1 (1)
00:00:12.970336   TSCDEADL - Time Stamp Counter Deadline                  = 0 (1)
00:00:12.970337   AES - AES instructions                                  = 0 (0)
00:00:12.970338   XSAVE - XSAVE instruction                               = 1 (1)
00:00:12.970339   OSXSAVE - OSXSAVE instruction                           = 0 (1)
00:00:12.970339   AVX - AVX support                                       = 0 (0)
00:00:12.970340   F16C - 16-bit floating point conversion instructions    = 0 (0)
00:00:12.970341   RDRAND - RDRAND instruction                             = 1 (1)
00:00:12.970342   HVP - Hypervisor Present (we're a guest)                = 1 (0)
00:00:12.970343 Structured Extended Feature Flags Enumeration (leaf 7):
00:00:12.970343   Mnemonic - Description                                  = guest (host)
00:00:12.970344   FSGSBASE - RDFSBASE/RDGSBASE/WRFSBASE/WRGSBASE instr.   = 1 (1)
00:00:12.970344   TSCADJUST - Supports MSR_IA32_TSC_ADJUST                = 0 (1)
00:00:12.970345   SGX - Supports Software Guard Extensions                = 0 (0)
00:00:12.970346   BMI1 - Advanced Bit Manipulation extension 1            = 0 (0)
00:00:12.970346   HLE - Hardware Lock Elision                             = 0 (0)
00:00:12.970347   AVX2 - Advanced Vector Extensions 2                     = 0 (0)
00:00:12.970348   FDP_EXCPTN_ONLY - FPU DP only updated on exceptions     = 0 (0)
00:00:12.970349   SMEP - Supervisor Mode Execution Prevention             = 0 (0)
00:00:12.970349   BMI2 - Advanced Bit Manipulation extension 2            = 0 (0)
00:00:12.970350   ERMS - Enhanced REP MOVSB/STOSB instructions            = 0 (1)
00:00:12.970351   INVPCID - INVPCID instruction                           = 1 (1)
00:00:12.970352   RTM - Restricted Transactional Memory                   = 0 (0)
00:00:12.970352   PQM - Platform Quality of Service Monitoring            = 0 (0)
00:00:12.970353   DEPFPU_CS_DS - Deprecates FPU CS, FPU DS values if set  = 1 (1)
00:00:12.970354   MPE - Intel Memory Protection Extensions                = 0 (0)
00:00:12.970355   PQE - Platform Quality of Service Enforcement           = 0 (0)
00:00:12.970355   AVX512F - AVX512 Foundation instructions                = 0 (0)
00:00:12.970356   RDSEED - RDSEED instruction                             = 0 (0)
00:00:12.970357   ADX - ADCX/ADOX instructions                            = 0 (0)
00:00:12.970358   SMAP - Supervisor Mode Access Prevention                = 0 (0)
00:00:12.970358   CLFLUSHOPT - CLFLUSHOPT (Cache Line Flush) instruction  = 0 (0)
00:00:12.970359   INTEL_PT - Intel Processor Trace                        = 0 (0)
00:00:12.970360   AVX512PF - AVX512 Prefetch instructions                 = 0 (0)
00:00:12.970361   AVX512ER - AVX512 Exponential & Reciprocal instructions = 0 (0)
00:00:12.970361   AVX512CD - AVX512 Conflict Detection instructions       = 0 (0)
00:00:12.970362   SHA - Secure Hash Algorithm extensions                  = 0 (0)
00:00:12.970363   PREFETCHWT1 - PREFETCHWT1 instruction                   = 0 (0)
00:00:12.970363   UMIP - User mode insturction prevention                 = 0 (0)
00:00:12.970364   PKU - Protection Key for Usermode pages                 = 0 (0)
00:00:12.970365   OSPKE - CR4.PKU mirror                                  = 0 (0)
00:00:12.970366   MAWAU - Value used by BNDLDX & BNDSTX                   = 0x0 (0x0)
00:00:12.970367   RDPID - Read processor ID support                       = 0 (0)
00:00:12.970368   SGX_LC - Supports SGX Launch Configuration              = 0 (0)
00:00:12.970368    9 - Reserved                                           = 0 (1)
00:00:12.970370   MD_CLEAR - Supports MDS related buffer clearing         = 1 (1)
00:00:12.970370   IBRS_IBPB - IA32_SPEC_CTRL.IBRS and IA32_PRED_CMD.IBPB  = 0 (1)
00:00:12.970371   STIBP - Supports IA32_SPEC_CTRL.STIBP                   = 0 (1)
00:00:12.970372   FLUSH_CMD - Supports IA32_FLUSH_CMD                     = 1 (1)
00:00:12.970373   ARCHCAP - Supports IA32_ARCH_CAP                        = 0 (0)
00:00:12.970373   CORECAP - Supports IA32_CORE_CAP                        = 0 (0)
00:00:12.970374   SSBD - Supports IA32_SPEC_CTRL.SSBD                     = 0 (1)
00:00:12.970375 Processor Extended State Enumeration (leaf 0xd):
00:00:12.970376    XSAVE area cur/max size by XCR0, guest: 0x240/0x240
00:00:12.970377     XSAVE area cur/max size by XCR0, host: 0x240/0x240
00:00:12.970377                    Valid XCR0 bits, guest: 0x00000000`00000003 ( x87 SSE )
00:00:12.970379                     Valid XCR0 bits, host: 0x00000000`00000003 ( x87 SSE )
00:00:12.970380                     XSAVE features, guest:
00:00:12.970381                      XSAVE features, host: XSAVEOPT
00:00:12.970382       XSAVE area cur size XCR0|XSS, guest: 0x0
00:00:12.970383        XSAVE area cur size XCR0|XSS, host: 0x0
00:00:12.970383                Valid IA32_XSS bits, guest: 0x00000000`00000000
00:00:12.970384                 Valid IA32_XSS bits, host: 0x00000000`00000000
00:00:12.970391          Raw Hypervisor CPUID Leaves
00:00:12.970392      Leaf/sub-leaf  eax      ebx      ecx      edx
00:00:12.970392 Gst: 40000000/0000  40000001 4b4d564b 564b4d56 0000004d
00:00:12.970393 Hst:                00000003 00000240 00000240 00000000
00:00:12.970394 Gst: 40000001/0000  01000089 00000000 00000000 00000000
00:00:12.970395 Hst:                00000003 00000240 00000240 00000000
00:00:12.970395          Raw Extended CPUID Leaves
00:00:12.970396      Leaf/sub-leaf  eax      ebx      ecx      edx
00:00:12.970396 Gst: 80000000/0000  80000008 00000000 00000000 00000000
00:00:12.970397 Hst:                80000008 00000000 00000000 00000000
00:00:12.970398 Gst: 80000001/0000  00000000 00000000 00000021 28100800
00:00:12.970398 Hst:                00000000 00000000 00000021 2c100800
00:00:12.970399 Gst: 80000002/0000  65746e49 2952286c 6e655020 6d756974
00:00:12.970400 Hst:                65746e49 2952286c 6e655020 6d756974
00:00:12.970402 Gst: 80000003/0000  20295228 20555043 34323347 20402030
00:00:12.970403 Hst:                20295228 20555043 34323347 20402030
00:00:12.970404 Gst: 80000004/0000  30312e33 007a4847 00000000 00000000
00:00:12.970405 Hst:                30312e33 007a4847 00000000 00000000
00:00:12.970405 Gst: 80000005/0000  00000000 00000000 00000000 00000000
00:00:12.970406 Hst:                00000000 00000000 00000000 00000000
00:00:12.970407 Gst: 80000006/0000  00000000 00000000 01006040 00000000
00:00:12.970407 Hst:                00000000 00000000 01006040 00000000
00:00:12.970408 Gst: 80000007/0000  00000000 00000000 00000000 00000100
00:00:12.970409 Hst:                00000000 00000000 00000000 00000100
00:00:12.970409 Gst: 80000008/0000  00003027 00000000 00000000 00000000
00:00:12.970410 Hst:                00003027 00000000 00000000 00000000
00:00:12.970411 Ext Name:                        
00:00:12.970411 Ext Supports:                    0x80000000-0x80000008
00:00:12.970412 Family:                          0  	Extended: 0 	Effective: 0
00:00:12.970412 Model:                           0  	Extended: 0 	Effective: 0
00:00:12.970413 Stepping:                        0
00:00:12.970413 Brand ID:                        0x000
00:00:12.970414 Ext Features
00:00:12.970414   Mnemonic - Description                                  = guest (host)
00:00:12.970414   FPU - x87 FPU on Chip                                   = 0 (0)
00:00:12.970416   VME - Virtual 8086 Mode Enhancements                    = 0 (0)
00:00:12.970416   DE - Debugging extensions                               = 0 (0)
00:00:12.970417   PSE - Page Size Extension                               = 0 (0)
00:00:12.970418   TSC - Time Stamp Counter                                = 0 (0)
00:00:12.970419   MSR - K86 Model Specific Registers                      = 0 (0)
00:00:12.970420   PAE - Physical Address Extension                        = 0 (0)
00:00:12.970421   MCE - Machine Check Exception                           = 0 (0)
00:00:12.970422   CX8 - CMPXCHG8B instruction                             = 0 (0)
00:00:12.970422   APIC - APIC On-Chip                                     = 0 (0)
00:00:12.970423   SEP - SYSCALL/SYSRET                                    = 1 (1)
00:00:12.970424   MTRR - Memory Type Range Registers                      = 0 (0)
00:00:12.970425   PGE - PTE Global Bit                                    = 0 (0)
00:00:12.970426   MCA - Machine Check Architecture                        = 0 (0)
00:00:12.970427   CMOV - Conditional Move instructions                    = 0 (0)
00:00:12.970428   PAT - Page Attribute Table                              = 0 (0)
00:00:12.970429   PSE-36 - 36-bit Page Size Extension                     = 0 (0)
00:00:12.970429   NX - No-Execute/Execute-Disable                         = 1 (1)
00:00:12.970430   AXMMX - AMD Extensions to MMX instructions              = 0 (0)
00:00:12.970431   MMX - Intel MMX Technology                              = 0 (0)
00:00:12.970432   FXSR - FXSAVE and FXRSTOR Instructions                  = 0 (0)
00:00:12.970433   FFXSR - AMD fast FXSAVE and FXRSTOR instructions        = 0 (0)
00:00:12.970433   Page1GB - 1 GB large page                               = 0 (1)
00:00:12.970538   RDTSCP - RDTSCP instruction                             = 1 (1)
00:00:12.970539   LM - AMD64 Long Mode                                    = 1 (1)
00:00:12.970540   3DNOWEXT - AMD Extensions to 3DNow                      = 0 (0)
00:00:12.970541   3DNOW - AMD 3DNow                                       = 0 (0)
00:00:12.970542   LahfSahf - LAHF/SAHF support in 64-bit mode             = 1 (1)
00:00:12.970543   CmpLegacy - Core multi-processing legacy mode           = 0 (0)
00:00:12.970544   SVM - AMD Secure Virtual Machine extensions             = 0 (0)
00:00:12.970545   EXTAPIC - AMD Extended APIC registers                   = 0 (0)
00:00:12.970545   CR8L - AMD LOCK MOV CR0 means MOV CR8                   = 0 (0)
00:00:12.970546   ABM - AMD Advanced Bit Manipulation                     = 1 (1)
00:00:12.970547   SSE4A - SSE4A instructions                              = 0 (0)
00:00:12.970548   MISALIGNSSE - AMD Misaligned SSE mode                   = 0 (0)
00:00:12.970549   3DNOWPRF - AMD PREFETCH and PREFETCHW instructions      = 0 (0)
00:00:12.970549   OSVW - AMD OS Visible Workaround                        = 0 (0)
00:00:12.970550   IBS - Instruct Based Sampling                           = 0 (0)
00:00:12.970551   XOP - Extended Operation support                        = 0 (0)
00:00:12.970552   SKINIT - SKINIT, STGI, and DEV support                  = 0 (0)
00:00:12.970553   WDT - AMD Watchdog Timer support                        = 0 (0)
00:00:12.970553   LWP - Lightweight Profiling support                     = 0 (0)
00:00:12.970554   FMA4 - Four operand FMA instruction support             = 0 (0)
00:00:12.970555   NodeId - NodeId in MSR C001_100C                        = 0 (0)
00:00:12.970556   TBM - Trailing Bit Manipulation instructions            = 0 (0)
00:00:12.970556   TOPOEXT - Topology Extensions                           = 0 (0)
00:00:12.970557   PRFEXTCORE - Performance Counter Extensions support     = 0 (0)
00:00:12.970558   PRFEXTNB - NB Performance Counter Extensions support    = 0 (0)
00:00:12.970559   DATABPEXT - Data-access Breakpoint Extension            = 0 (0)
00:00:12.970559   PERFTSC - Performance Time Stamp Counter                = 0 (0)
00:00:12.970560   PCX_L2I - L2I/L3 Performance Counter Extensions         = 0 (0)
00:00:12.970561   MWAITX - MWAITX and MONITORX instructions               = 0 (0)
00:00:12.970562 Full Name:                       "Intel(R) Pentium(R) CPU G3240 @ 3.10GHz"
00:00:12.970562 TLB 2/4M Instr/Uni:              res0     0 entries
00:00:12.970563 TLB 2/4M Data:                   res0     0 entries
00:00:12.970563 TLB 4K Instr/Uni:                res0     0 entries
00:00:12.970564 TLB 4K Data:                     res0     0 entries
00:00:12.970564 L1 Instr Cache Line Size:        0 bytes
00:00:12.970564 L1 Instr Cache Lines Per Tag:    0
00:00:12.970565 L1 Instr Cache Associativity:    res0  
00:00:12.970565 L1 Instr Cache Size:             0 KB
00:00:12.970566 L1 Data Cache Line Size:         0 bytes
00:00:12.970566 L1 Data Cache Lines Per Tag:     0
00:00:12.970566 L1 Data Cache Associativity:     res0  
00:00:12.970567 L1 Data Cache Size:              0 KB
00:00:12.970567 L2 TLB 2/4M Instr/Uni:           off       0 entries
00:00:12.970568 L2 TLB 2/4M Data:                off       0 entries
00:00:12.970568 L2 TLB 4K Instr/Uni:             off       0 entries
00:00:12.970568 L2 TLB 4K Data:                  off       0 entries
00:00:12.970569 L2 Cache Line Size:              0 bytes
00:00:12.970569 L2 Cache Lines Per Tag:          0
00:00:12.970570 L2 Cache Associativity:          off   
00:00:12.970570 L2 Cache Size:                   0 KB
00:00:12.970570   TS - Temperature Sensor                                 = 0 (0)
00:00:12.970571   FID - Frequency ID control                              = 0 (0)
00:00:12.970572   VID - Voltage ID control                                = 0 (0)
00:00:12.970573   TscInvariant - Invariant Time Stamp Counter             = 1 (1)
00:00:12.970574   CBP - Core Performance Boost                            = 0 (0)
00:00:12.970575   EffFreqRO - Read-only Effective Frequency Interface     = 0 (0)
00:00:12.970576   ProcFdbkIf - Processor Feedback Interface               = 0 (0)
00:00:12.970576   ProcPwrRep - Core power reporting interface support     = 0 (0)
00:00:12.970577 Physical Address Width:          39 bits
00:00:12.970578 Virtual Address Width:           48 bits
00:00:12.970578 Guest Physical Address Width:    0 bits
00:00:12.970578 Physical Core Count:             1
00:00:12.970581 
00:00:12.970581 ******************** End of CPUID dump **********************
00:00:12.970581 *********************** VT-x features ***********************
00:00:12.970583 Nested hardware virtualization - VMX features
00:00:12.970584   Mnemonic - Description                                  = guest (host)
00:00:12.970584   VMX - Virtual-Machine Extensions                        = 0 (1)
00:00:12.970585   InsOutInfo - INS/OUTS instruction info.                 = 0 (1)
00:00:12.970585   ExtIntExit - External interrupt exiting                 = 0 (1)
00:00:12.970586   NmiExit - NMI exiting                                   = 0 (1)
00:00:12.970586   VirtNmi - Virtual NMIs                                  = 0 (1)
00:00:12.970587   PreemptTimer - VMX preemption timer                     = 0 (1)
00:00:12.970587   PostedInt - Posted interrupts                           = 0 (0)
00:00:12.970588   IntWindowExit - Interrupt-window exiting                = 0 (1)
00:00:12.970588   TscOffsetting - TSC offsetting                          = 0 (1)
00:00:12.970589   HltExit - HLT exiting                                   = 0 (1)
00:00:12.970589   InvlpgExit - INVLPG exiting                             = 0 (1)
00:00:12.970590   MwaitExit - MWAIT exiting                               = 0 (1)
00:00:12.970590   RdpmcExit - RDPMC exiting                               = 0 (1)
00:00:12.970590   RdtscExit - RDTSC exiting                               = 0 (1)
00:00:12.970591   Cr3LoadExit - CR3-load exiting                          = 0 (1)
00:00:12.970591   Cr3StoreExit - CR3-store exiting                        = 0 (1)
00:00:12.970592   TertiaryExecCtls - Activate tertiary controls           = 0 (0)
00:00:12.970592   Cr8LoadExit  - CR8-load exiting                         = 0 (1)
00:00:12.970593   Cr8StoreExit - CR8-store exiting                        = 0 (1)
00:00:12.970593   UseTprShadow - Use TPR shadow                           = 0 (1)
00:00:12.970594   NmiWindowExit - NMI-window exiting                      = 0 (1)
00:00:12.970594   MovDRxExit - Mov-DR exiting                             = 0 (1)
00:00:12.970594   UncondIoExit - Unconditional I/O exiting                = 0 (1)
00:00:12.970595   UseIoBitmaps - Use I/O bitmaps                          = 0 (1)
00:00:12.970595   MonitorTrapFlag - Monitor Trap Flag                     = 0 (1)
00:00:12.970596   UseMsrBitmaps - MSR bitmaps                             = 0 (1)
00:00:12.970596   MonitorExit - MONITOR exiting                           = 0 (1)
00:00:12.970597   PauseExit - PAUSE exiting                               = 0 (1)
00:00:12.970597   SecondaryExecCtl - Activate secondary controls          = 0 (1)
00:00:12.970598   VirtApic - Virtualize-APIC accesses                     = 0 (1)
00:00:12.970598   Ept - Extended Page Tables                              = 0 (1)
00:00:12.970598   DescTableExit - Descriptor-table exiting                = 0 (1)
00:00:12.970599   Rdtscp - Enable RDTSCP                                  = 0 (1)
00:00:12.970599   VirtX2ApicMode - Virtualize-x2APIC mode                 = 0 (1)
00:00:12.970600   Vpid - Enable VPID                                      = 0 (1)
00:00:12.970600   WbinvdExit - WBINVD exiting                             = 0 (1)
00:00:12.970601   UnrestrictedGuest - Unrestricted guest                  = 0 (1)
00:00:12.970601   ApicRegVirt - APIC-register virtualization              = 0 (0)
00:00:12.970601   VirtIntDelivery - Virtual-interrupt delivery            = 0 (0)
00:00:12.970602   PauseLoopExit - PAUSE-loop exiting                      = 0 (1)
00:00:12.970602   RdrandExit - RDRAND exiting                             = 0 (1)
00:00:12.970603   Invpcid - Enable INVPCID                                = 0 (1)
00:00:12.970603   VmFuncs - Enable VM Functions                           = 0 (0)
00:00:12.970604   VmcsShadowing - VMCS shadowing                          = 0 (0)
00:00:12.970604   RdseedExiting - RDSEED exiting                          = 0 (0)
00:00:12.970605   PML - Page-Modification Log (PML)                       = 0 (0)
00:00:12.970605   EptVe - EPT violations can cause #VE                    = 0 (0)
00:00:12.970605   ConcealVmxFromPt - Conceal VMX from Processor Trace     = 0 (0)
00:00:12.970606   XsavesXRstors - Enable XSAVES/XRSTORS                   = 0 (0)
00:00:12.970606   ModeBasedExecuteEpt - Mode-based execute permissions    = 0 (0)
00:00:12.970607   SppEpt - Sub-page page write permissions for EPT        = 0 (0)
00:00:12.970607   PtEpt - Processor Trace address' translatable by EPT    = 0 (0)
00:00:12.970608   UseTscScaling - Use TSC scaling                         = 0 (0)
00:00:12.970608   UserWaitPause - Enable TPAUSE, UMONITOR and UMWAIT      = 0 (0)
00:00:12.970609   EnclvExit - ENCLV exiting                               = 0 (0)
00:00:12.970609   LoadIwKeyExit - LOADIWKEY exiting                       = 0 (0)
00:00:12.970610   EntryLoadDebugCtls - Load debug controls on VM-entry    = 0 (1)
00:00:12.970610   Ia32eModeGuest - IA-32e mode guest                      = 0 (1)
00:00:12.970611   EntryLoadEferMsr - Load IA32_EFER MSR on VM-entry       = 0 (1)
00:00:12.970611   EntryLoadPatMsr - Load IA32_PAT MSR on VM-entry         = 0 (1)
00:00:12.970612   ExitSaveDebugCtls - Save debug controls on VM-exit      = 0 (1)
00:00:12.970612   HostAddrSpaceSize - Host address-space size             = 0 (1)
00:00:12.970612   ExitAckExtInt - Acknowledge interrupt on VM-exit        = 0 (1)
00:00:12.970613   ExitSavePatMsr - Save IA32_PAT MSR on VM-exit           = 0 (1)
00:00:12.970613   ExitLoadPatMsr - Load IA32_PAT MSR on VM-exit           = 0 (1)
00:00:12.970614   ExitSaveEferMsr - Save IA32_EFER MSR on VM-exit         = 0 (1)
00:00:12.970614   ExitLoadEferMsr - Load IA32_EFER MSR on VM-exit         = 0 (1)
00:00:12.970615   SavePreemptTimer - Save VMX-preemption timer            = 0 (1)
00:00:12.970615   SecondaryExitCtls - Secondary VM-exit controls          = 0 (0)
00:00:12.970616   ExitSaveEferLma - Save IA32_EFER.LMA on VM-exit         = 0 (1)
00:00:12.970616   IntelPt - Intel PT (Processor Trace) in VMX operation   = 0 (0)
00:00:12.970616   VmwriteAll - VMWRITE to any supported VMCS field        = 0 (1)
00:00:12.970617   EntryInjectSoftInt - Inject softint. with 0-len instr.  = 0 (0)
00:00:12.970617 
00:00:12.970618 ******************* End of VT-x features ********************
00:00:12.970691 VMEmt: Halt method global1 (5)
00:00:12.970721 VMEmt: HaltedGlobal1 config: cNsSpinBlockThresholdCfg=2000
00:00:12.970727 Changing the VM state from 'CREATING' to 'CREATED'
00:00:12.977988 Changing the VM state from 'CREATED' to 'POWERING_ON'
00:00:12.978130 AIOMgr: Endpoints without assigned bandwidth groups:
00:00:12.978138 AIOMgr:     /mnt/1tb/vm/tcp/vm2/tcp-vm2/tcp-vm2.vdi
00:00:12.978937 Changing the VM state from 'POWERING_ON' to 'RUNNING'
00:00:12.978952 Console: Machine state changed to 'Running'
00:00:12.983799 VMMDev: Guest Log: BIOS: VirtualBox 7.0.6
00:00:12.983872 PCI: Setting up resources and interrupts
00:00:12.984282 PIT: mode=2 count=0x10000 (65536) - 18.20 Hz (ch=0)
00:00:12.995768 GUI: UIMachineViewScale::resendSizeHint: Restoring guest size-hint for screen 0 to 800x600
00:00:12.999325 VMMDev: SetVideoModeHint: Got a video mode hint (800x600x0)@(0x0),(1;0) at 0
00:00:12.999613 GUI: HID LEDs sync is not supported on this platform
00:00:13.017360 Display::i_handleDisplayResize: uScreenId=0 pvVRAM=0000000000000000 w=720 h=400 bpp=0 cbLine=0x0 flags=0x0 origin=0,0
00:00:13.020701 VMMDev: Guest Log: CPUID EDX: 0x178bfbff
00:00:13.020805 PIIX3 ATA: Ctl#1: RESET, DevSel=0 AIOIf=0 CmdIf0=0x00 (-1 usec ago) CmdIf1=0x00 (-1 usec ago)
00:00:13.020838 PIIX3 ATA: Ctl#1: finished processing RESET
00:00:13.029375 AHCI#0: Reset the HBA
00:00:13.029398 VD#0: Cancelling all active requests
00:00:13.029434 AHCI#0: Port 0 reset
00:00:13.029459 VD#0: Cancelling all active requests
00:00:13.029930 VMMDev: Guest Log: BIOS: AHCI 0-P#0: PCHS=16383/16/63 LCHS=1024/255/63 0x0000000006400000 sectors
00:00:13.031237 PIT: mode=2 count=0x48d3 (18643) - 64.00 Hz (ch=0)
00:00:13.054729 Display::i_handleDisplayResize: uScreenId=0 pvVRAM=00007f2c1b000000 w=640 h=480 bpp=32 cbLine=0xA00 flags=0x0 origin=0,0
00:00:13.262153 ERROR [COM]: aRC=VBOX_E_NOT_SUPPORTED (0x80bb0009) aIID={00892186-a4af-4627-b21f-fc561ce4473c} aComponent={GuestWrap} aText={Invalid status level defined: 0}, preserve=false aResultDetail=0
00:00:14.687814 VMMDev: Guest Log: BIOS: KBD: int09h_handler(): unknown scancode read: 0x5b!
00:00:15.187837 VMMDev: Guest Log: BIOS: KBD: int09h_handler(): unknown scancode read: 0x5b!
00:00:15.283414 VMMDev: Guest Log: BIOS: KBD: int09h_handler(): unknown scancode read: 0x5b!
00:00:15.370038 VMMDev: Guest Log: BIOS: KBD: int09h_handler(): unknown scancode read: 0x5b!
00:00:15.419238 VMMDev: Guest Log: Key pressed: 002e
00:00:15.510335 PIT: mode=2 count=0x10000 (65536) - 18.20 Hz (ch=0)
00:00:15.510534 VMMDev: Guest Log: BIOS: Boot : bseqnr=1, bootseq=0231
00:00:15.510692 VMMDev: Guest Log: BIOS: Boot from Floppy 0 failed
00:00:15.510867 VMMDev: Guest Log: BIOS: Boot : bseqnr=2, bootseq=0023
00:00:15.511241 VMMDev: Guest Log: BIOS: CDROM boot failure code : 0003
00:00:15.511383 VMMDev: Guest Log: BIOS: Boot from CD-ROM failed
00:00:15.511692 VMMDev: Guest Log: BIOS: Boot : bseqnr=3, bootseq=0002
00:00:15.512065 VMMDev: Guest Log: BIOS: Booting from Hard Disk...
00:00:15.565279 Display::i_handleDisplayResize: uScreenId=0 pvVRAM=0000000000000000 w=720 h=400 bpp=0 cbLine=0x0 flags=0x0 origin=0,0
00:00:15.734970 Display::i_handleDisplayResize: uScreenId=0 pvVRAM=00007f2c1b12c000 w=640 h=480 bpp=32 cbLine=0xA00 flags=0x0 origin=0,0
00:00:24.568932 VMMDev: Guest Log: BIOS: KBD: int09h_handler(): unknown scancode read: 0x5d!
00:00:27.886326 GUI: UIMachineViewNormal::resendSizeHint: Restoring guest size-hint for screen 0 to 800x600
00:00:27.962209 QDBus inhibition call error for service org.kde.screensaver: org.freedesktop.DBus.Error.InvalidSignature. Unexpected reply signature: got "<empty signature>", expected "u" (uint)
00:00:27.962647 QDBus inhibition call error for service org.kde.screensaver: org.freedesktop.DBus.Error.InvalidSignature. Unexpected reply signature: got "<empty signature>", expected "u" (uint)
00:00:27.963046 QDBus inhibition call error for service org.freedesktop.ScreenSaver: org.freedesktop.DBus.Error.InvalidSignature. Unexpected reply signature: got "<empty signature>", expected "u" (uint)
00:00:27.963450 QDBus inhibition call error for service org.freedesktop.ScreenSaver: org.freedesktop.DBus.Error.InvalidSignature. Unexpected reply signature: got "<empty signature>", expected "u" (uint)
00:00:28.091141 GUI: UIMediumEnumerator: Medium-enumeration finished!
00:00:28.284013 GUI: UIMediumEnumerator: Medium-enumeration finished!
00:00:33.542278 Changing the VM state from 'RUNNING' to 'RESETTING'
00:00:33.542400 GIM: KVM: Resetting MSRs
00:00:33.542582 PIT: mode=3 count=0x10000 (65536) - 18.20 Hz (ch=0)
00:00:33.544399 AHCI#0: Reset the HBA
00:00:33.544423 VD#0: Cancelling all active requests
00:00:33.544461 PIIX3 ATA: Ctl#0: finished processing RESET
00:00:33.544474 PIIX3 ATA: Ctl#1: finished processing RESET
00:00:33.544486 AC97: Reset
00:00:33.544488 AC97: Mixer reset (EAID=0x809, EACS=0x9)
00:00:33.544491 AC97: Record select to left=mic, right=mic
00:00:33.550028 Changing the VM state from 'RESETTING' to 'RUNNING'
00:00:33.553079 VMMDev: Guest Log: BIOS: VirtualBox 7.0.6
00:00:33.553149 PCI: Setting up resources and interrupts
00:00:33.553454 PIT: mode=2 count=0x10000 (65536) - 18.20 Hz (ch=0)
00:00:33.560435 OHCI: root hub reset completed with VINF_SUCCESS
00:00:33.560466 Display::i_handleDisplayResize: uScreenId=0 pvVRAM=0000000000000000 w=720 h=400 bpp=0 cbLine=0x0 flags=0x0 origin=0,0
00:00:33.572080 VMMDev: Guest Log: CPUID EDX: 0x178bfbff
00:00:33.572185 PIIX3 ATA: Ctl#1: RESET, DevSel=0 AIOIf=0 CmdIf0=0xa0 (-1 usec ago) CmdIf1=0x00 (-1 usec ago)
00:00:33.572220 PIIX3 ATA: Ctl#1: finished processing RESET
00:00:33.573020 AHCI#0: Reset the HBA
00:00:33.573032 VD#0: Cancelling all active requests
00:00:33.573066 AHCI#0: Port 0 reset
00:00:33.573092 VD#0: Cancelling all active requests
00:00:33.573535 VMMDev: Guest Log: BIOS: AHCI 0-P#0: PCHS=16383/16/63 LCHS=1024/255/63 0x0000000006400000 sectors
00:00:33.574621 PIT: mode=2 count=0x48d3 (18643) - 64.00 Hz (ch=0)
00:00:33.590285 Display::i_handleDisplayResize: uScreenId=0 pvVRAM=00007f2c1b000000 w=640 h=480 bpp=32 cbLine=0xA00 flags=0x0 origin=0,0
00:00:36.052558 PIT: mode=2 count=0x10000 (65536) - 18.20 Hz (ch=0)
00:00:36.052765 VMMDev: Guest Log: BIOS: Boot : bseqnr=1, bootseq=0231
00:00:36.052925 VMMDev: Guest Log: BIOS: Boot from Floppy 0 failed
00:00:36.053101 VMMDev: Guest Log: BIOS: Boot : bseqnr=2, bootseq=0023
00:00:36.053507 VMMDev: Guest Log: BIOS: CDROM boot failure code : 0003
00:00:36.053650 VMMDev: Guest Log: BIOS: Boot from CD-ROM failed
00:00:36.053835 VMMDev: Guest Log: BIOS: Boot : bseqnr=3, bootseq=0002
00:00:36.054254 VMMDev: Guest Log: BIOS: Booting from Hard Disk...
00:00:36.107503 Display::i_handleDisplayResize: uScreenId=0 pvVRAM=0000000000000000 w=720 h=400 bpp=0 cbLine=0x0 flags=0x0 origin=0,0
00:00:36.274828 Display::i_handleDisplayResize: uScreenId=0 pvVRAM=00007f2c1b12c000 w=640 h=480 bpp=32 cbLine=0xA00 flags=0x0 origin=0,0
00:00:41.072217 Shared Clipboard: Mode: Bidirectional
00:00:41.159962 GUI: UIMediumEnumerator: Medium-enumeration finished!
00:00:42.039112 Display::i_handleDisplayResize: uScreenId=0 pvVRAM=0000000000000000 w=720 h=400 bpp=0 cbLine=0x0 flags=0x0 origin=0,0
00:00:42.431399 GUI: UIMediumEnumerator: Medium-enumeration finished!
00:00:42.837168 GIM: KVM: VCPU  0: Enabled system-time struct. at 0x000000000d001000 - u32TscScale=0xa58b360f i8TscShift=-1 uVersion=2 fFlags=0x1 uTsc=0x6b0af441f uVirtNanoTS=0x229c227dd TscKHz=3092836
00:00:42.837196 TM: Switching TSC mode from 'Dynamic' to 'RealTSCOffset'
00:00:42.957977 GIM: KVM: Enabled wall-clock struct. at 0x000000000d000000 - u32Sec=1675325419 u32Nano=145499000 uVersion=2
00:00:42.965735 PIT: mode=2 count=0x12a5 (4773) - 249.98 Hz (ch=0)
00:00:42.966072 APIC0: Switched mode to x2APIC
00:00:43.089625 PIT: mode=0 count=0x10000 (65536) - 18.20 Hz (ch=0)
00:00:43.337202 OHCI: Software reset
00:00:43.720072 IEM: rdmsr(0xc0011029) -> #GP(0)
00:00:44.019006 EHCI: Hardware reset
00:00:44.020989 AHCI#0: Reset the HBA
00:00:44.021001 VD#0: Cancelling all active requests
00:00:44.021380 EHCI: USB Operational
00:00:44.028746 AHCI#0: Port 0 reset
00:00:44.033119 VD#0: Cancelling all active requests
00:00:44.042952 PIIX3 ATA: Ctl#1: RESET, DevSel=0 AIOIf=0 CmdIf0=0xa0 (-1 usec ago) CmdIf1=0x00 (-1 usec ago)
00:00:44.043025 PIIX3 ATA: Ctl#1: finished processing RESET
00:00:44.063095 EHCI: USB Suspended
00:00:44.354606 OHCI: USB Reset
00:00:44.412700 OHCI: Software reset
00:00:44.412943 OHCI: USB Operational
00:00:46.350709 NAT: Link up
00:00:47.976497 VMMDev: Guest Log: vboxguest: host-version: 7.0.6r155176 0x8000000f
00:00:47.976541 VMMDev: Guest Additions information report: Version 6.0.0 r127566 '6.0.0'
00:00:47.976569 VMMDev: Guest Additions information report: Interface = 0x00010004 osType = 0x00053100 (Linux >= 2.6, 64-bit)
00:00:47.976982 VMMDev: Guest Additions capability report: (0x0 -> 0x0) seamless: no, hostWindowMapping: no, graphics: no
00:00:47.977022 GUI: UISession::sltAdditionsChange: GA state change event came, notifying listeners
00:00:47.977031 GUI: UIMachineLogicNormal::sltCheckForRequestedVisualStateType: Requested-state=0, Machine-state=6
00:00:47.977037 VMMDev: vmmDevReqHandler_HeartbeatConfigure: No change (fHeartbeatActive=false)
00:00:47.977074 VMMDev: Heartbeat flatline timer set to trigger after 4 000 000 000 ns
00:00:47.977287 GUI: UISession::sltAdditionsChange: GA state change event came, notifying listeners
00:00:47.977293 GUI: UIMachineLogicNormal::sltCheckForRequestedVisualStateType: Requested-state=0, Machine-state=6
00:00:47.977582 VMMDev: Guest Log: vbg_heartbeat_init: Setting up heartbeat to trigger every 2000 milliseconds
00:00:47.980096 VMMDev: Guest Log: vboxguest: misc device minor 61, IRQ 20, I/O port d040, MMIO at 0x00000000f0400000 (size 0x0000000000400000)
00:00:47.988497 GUI: UISession::sltAdditionsChange: GA state really changed, notifying listeners
00:00:47.988521 GUI: UIMachineViewNormal::adjustGuestScreenSize: Adjust guest-screen size if necessary
00:00:47.988532 GUI: UISession::sltAdditionsChange: GA state change event came, notifying listeners
00:00:47.988535 GUI: UIMachineLogicNormal::sltCheckForRequestedVisualStateType: Requested-state=0, Machine-state=6
00:00:48.280414 IEM: rdmsr(0x64d) -> #GP(0)
00:00:48.286890 Enabling different vbva mode
00:00:48.290156 Display::i_handleDisplayResize: uScreenId=0 pvVRAM=00007f2c1b000000 w=800 h=600 bpp=32 cbLine=0xC80 flags=0x1 origin=0,0
00:00:48.548700 AC97: Reset
00:00:48.548717 AC97: Mixer reset (EAID=0x809, EACS=0x9)
00:00:48.548721 AC97: Record select to left=mic, right=mic
00:00:48.548851 AC97: Reset
00:00:48.548854 AC97: Mixer reset (EAID=0x809, EACS=0x9)
00:00:48.548856 AC97: Record select to left=mic, right=mic
00:00:48.549973 AC97: Record select to left=mic, right=mic
00:00:48.640728 NAT: IPv6 not supported
00:00:48.767046 NAT: resolv.conf: nameserver 192.168.100.2
00:00:48.767067 NAT: resolv.conf: nameserver 192.168.100.1
00:00:48.767075 NAT: Adding domain name tega.local
00:00:48.767078 NAT: DNS#0: 192.168.100.2
00:00:48.767081 NAT: DNS#1: 192.168.100.1
00:00:48.767084 NAT: DHCP offered IP address 10.0.2.15
00:00:48.793126 GUI: UIMediumEnumerator: Medium-enumeration finished!
00:02:20.624109 GUI: UIMediumEnumerator: Medium-enumeration finished!
